<?xml version="1.0" encoding="UTF-8"?>
<coverage generated="1656425569890" clover="3.2.0">
  <project timestamp="1656425569890" name="All files">
    <metrics statements="154" coveredstatements="60" conditionals="47" coveredconditionals="12" methods="69" coveredmethods="22" elements="270" coveredelements="94" complexity="0" loc="154" ncloc="154" packages="4" files="11" classes="11"/>
    <package name="src">
      <metrics statements="13" coveredstatements="1" conditionals="4" coveredconditionals="0" methods="3" coveredmethods="1"/>
      <file name="App.tsx" path="/Users/martin.jonsson/Python/DjangoReact/frontend/src/App.tsx">
        <metrics statements="1" coveredstatements="1" conditionals="0" coveredconditionals="0" methods="1" coveredmethods="1"/>
        <line num="6" count="5" type="stmt"/>
      </file>
      <file name="index.tsx" path="/Users/martin.jonsson/Python/DjangoReact/frontend/src/index.tsx">
        <metrics statements="4" coveredstatements="0" conditionals="0" coveredconditionals="0" methods="0" coveredmethods="0"/>
        <line num="9" count="0" type="stmt"/>
        <line num="10" count="0" type="stmt"/>
        <line num="12" count="0" type="stmt"/>
        <line num="21" count="0" type="stmt"/>
      </file>
      <file name="reportWebVitals.ts" path="/Users/martin.jonsson/Python/DjangoReact/frontend/src/reportWebVitals.ts">
        <metrics statements="8" coveredstatements="0" conditionals="4" coveredconditionals="0" methods="2" coveredmethods="0"/>
        <line num="3" count="0" type="stmt"/>
        <line num="4" count="0" type="cond" truecount="0" falsecount="4"/>
        <line num="5" count="0" type="stmt"/>
        <line num="6" count="0" type="stmt"/>
        <line num="7" count="0" type="stmt"/>
        <line num="8" count="0" type="stmt"/>
        <line num="9" count="0" type="stmt"/>
        <line num="10" count="0" type="stmt"/>
      </file>
    </package>
    <package name="src.app">
      <metrics statements="3" coveredstatements="3" conditionals="0" coveredconditionals="0" methods="0" coveredmethods="0"/>
      <file name="hooks.ts" path="/Users/martin.jonsson/Python/DjangoReact/frontend/src/app/hooks.ts">
        <metrics statements="2" coveredstatements="2" conditionals="0" coveredconditionals="0" methods="0" coveredmethods="0"/>
        <line num="5" count="2" type="stmt"/>
        <line num="6" count="2" type="stmt"/>
      </file>
      <file name="store.ts" path="/Users/martin.jonsson/Python/DjangoReact/frontend/src/app/store.ts">
        <metrics statements="1" coveredstatements="1" conditionals="0" coveredconditionals="0" methods="0" coveredmethods="0"/>
        <line num="4" count="2" type="stmt"/>
      </file>
    </package>
    <package name="src.features.products">
      <metrics statements="123" coveredstatements="51" conditionals="41" coveredconditionals="12" methods="57" coveredmethods="20"/>
      <file name="ProductBadge.tsx" path="/Users/martin.jonsson/Python/DjangoReact/frontend/src/features/products/ProductBadge.tsx">
        <metrics statements="14" coveredstatements="1" conditionals="0" coveredconditionals="0" methods="6" coveredmethods="0"/>
        <line num="7" count="1" type="stmt"/>
        <line num="8" count="0" type="stmt"/>
        <line num="9" count="0" type="stmt"/>
        <line num="11" count="0" type="stmt"/>
        <line num="12" count="0" type="stmt"/>
        <line num="13" count="0" type="stmt"/>
        <line num="14" count="0" type="stmt"/>
        <line num="18" count="0" type="stmt"/>
        <line num="19" count="0" type="stmt"/>
        <line num="20" count="0" type="stmt"/>
        <line num="21" count="0" type="stmt"/>
        <line num="24" count="0" type="stmt"/>
        <line num="25" count="0" type="stmt"/>
        <line num="26" count="0" type="stmt"/>
      </file>
      <file name="ProductModal.tsx" path="/Users/martin.jonsson/Python/DjangoReact/frontend/src/features/products/ProductModal.tsx">
        <metrics statements="57" coveredstatements="21" conditionals="19" coveredconditionals="5" methods="19" coveredmethods="5"/>
        <line num="8" count="10" type="stmt"/>
        <line num="9" count="10" type="stmt"/>
        <line num="10" count="10" type="stmt"/>
        <line num="11" count="10" type="stmt"/>
        <line num="12" count="10" type="cond" truecount="2" falsecount="0"/>
        <line num="14" count="10" type="stmt"/>
        <line num="15" count="9" type="cond" truecount="2" falsecount="0"/>
        <line num="16" count="1" type="stmt"/>
        <line num="17" count="1" type="stmt"/>
        <line num="18" count="1" type="stmt"/>
        <line num="22" count="10" type="stmt"/>
        <line num="23" count="1" type="stmt"/>
        <line num="26" count="10" type="stmt"/>
        <line num="27" count="1" type="stmt"/>
        <line num="30" count="10" type="stmt"/>
        <line num="31" count="1" type="stmt"/>
        <line num="34" count="10" type="stmt"/>
        <line num="35" count="0" type="stmt"/>
        <line num="38" count="10" type="stmt"/>
        <line num="39" count="0" type="stmt"/>
        <line num="40" count="0" type="cond" truecount="0" falsecount="2"/>
        <line num="41" count="0" type="cond" truecount="0" falsecount="2"/>
        <line num="42" count="0" type="stmt"/>
        <line num="43" count="0" type="stmt"/>
        <line num="44" count="0" type="stmt"/>
        <line num="45" count="0" type="stmt"/>
        <line num="47" count="0" type="stmt"/>
        <line num="50" count="10" type="stmt"/>
        <line num="51" count="0" type="cond" truecount="0" falsecount="5"/>
        <line num="52" count="0" type="stmt"/>
        <line num="53" count="0" type="stmt"/>
        <line num="55" count="0" type="cond" truecount="0" falsecount="2"/>
        <line num="56" count="0" type="stmt"/>
        <line num="57" count="0" type="stmt"/>
        <line num="58" count="0" type="stmt"/>
        <line num="59" count="0" type="stmt"/>
        <line num="60" count="0" type="stmt"/>
        <line num="61" count="0" type="stmt"/>
        <line num="62" count="0" type="stmt"/>
        <line num="63" count="0" type="stmt"/>
        <line num="66" count="0" type="stmt"/>
        <line num="67" count="0" type="stmt"/>
        <line num="69" count="0" type="stmt"/>
        <line num="71" count="0" type="stmt"/>
        <line num="72" count="0" type="stmt"/>
        <line num="73" count="0" type="stmt"/>
        <line num="74" count="0" type="stmt"/>
        <line num="75" count="0" type="stmt"/>
        <line num="80" count="10" type="cond" truecount="1" falsecount="1"/>
        <line num="81" count="0" type="stmt"/>
        <line num="82" count="0" type="stmt"/>
        <line num="83" count="0" type="stmt"/>
        <line num="87" count="0" type="stmt"/>
        <line num="90" count="0" type="stmt"/>
        <line num="94" count="0" type="stmt"/>
        <line num="98" count="0" type="cond" truecount="0" falsecount="2"/>
        <line num="107" count="10" type="stmt"/>
      </file>
      <file name="Products.tsx" path="/Users/martin.jonsson/Python/DjangoReact/frontend/src/features/products/Products.tsx">
        <metrics statements="18" coveredstatements="12" conditionals="8" coveredconditionals="4" methods="7" coveredmethods="4"/>
        <line num="11" count="7" type="stmt"/>
        <line num="12" count="7" type="stmt"/>
        <line num="13" count="6" type="stmt"/>
        <line num="14" count="6" type="stmt"/>
        <line num="15" count="6" type="stmt"/>
        <line num="17" count="6" type="stmt"/>
        <line num="18" count="5" type="cond" truecount="2" falsecount="0"/>
        <line num="19" count="1" type="stmt"/>
        <line num="23" count="6" type="stmt"/>
        <line num="24" count="0" type="cond" truecount="0" falsecount="2"/>
        <line num="25" count="0" type="stmt"/>
        <line num="26" count="0" type="stmt"/>
        <line num="30" count="0" type="stmt"/>
        <line num="34" count="6" type="cond" truecount="2" falsecount="0"/>
        <line num="35" count="5" type="stmt"/>
        <line num="40" count="1" type="stmt"/>
        <line num="45" count="0" type="cond" truecount="0" falsecount="2"/>
        <line num="46" count="0" type="stmt"/>
      </file>
      <file name="productsAPI.ts" path="/Users/martin.jonsson/Python/DjangoReact/frontend/src/features/products/productsAPI.ts">
        <metrics statements="14" coveredstatements="1" conditionals="0" coveredconditionals="0" methods="11" coveredmethods="1"/>
        <line num="5" count="1" type="stmt"/>
        <line num="6" count="0" type="stmt"/>
        <line num="7" count="0" type="stmt"/>
        <line num="11" count="0" type="stmt"/>
        <line num="18" count="0" type="stmt"/>
        <line num="19" count="0" type="stmt"/>
        <line num="20" count="0" type="stmt"/>
        <line num="24" count="0" type="stmt"/>
        <line num="32" count="0" type="stmt"/>
        <line num="33" count="0" type="stmt"/>
        <line num="34" count="0" type="stmt"/>
        <line num="38" count="0" type="stmt"/>
        <line num="41" count="0" type="stmt"/>
        <line num="42" count="0" type="stmt"/>
      </file>
      <file name="productsSlice.ts" path="/Users/martin.jonsson/Python/DjangoReact/frontend/src/features/products/productsSlice.ts">
        <metrics statements="20" coveredstatements="16" conditionals="14" coveredconditionals="3" methods="14" coveredmethods="10"/>
        <line num="23" count="3" type="stmt"/>
        <line num="29" count="3" type="stmt"/>
        <line num="32" count="1" type="stmt"/>
        <line num="33" count="0" type="stmt"/>
        <line num="37" count="3" type="stmt"/>
        <line num="38" count="1" type="stmt"/>
        <line num="39" count="1" type="cond" truecount="1" falsecount="1"/>
        <line num="40" count="1" type="stmt"/>
        <line num="43" count="1" type="stmt"/>
        <line num="46" count="3" type="stmt"/>
        <line num="51" count="1" type="stmt"/>
        <line num="54" count="3" type="cond" truecount="2" falsecount="4"/>
        <line num="57" count="1" type="stmt"/>
        <line num="61" count="3" type="stmt"/>
        <line num="63" count="1" type="stmt"/>
        <line num="67" count="0" type="stmt"/>
        <line num="68" count="0" type="cond" truecount="0" falsecount="6"/>
        <line num="71" count="0" type="stmt"/>
        <line num="76" count="3" type="stmt"/>
        <line num="78" count="3" type="stmt"/>
      </file>
    </package>
    <package name="src.features.titlebar">
      <metrics statements="15" coveredstatements="5" conditionals="2" coveredconditionals="0" methods="9" coveredmethods="1"/>
      <file name="Titlebar.tsx" path="/Users/martin.jonsson/Python/DjangoReact/frontend/src/features/titlebar/Titlebar.tsx">
        <metrics statements="15" coveredstatements="5" conditionals="2" coveredconditionals="0" methods="9" coveredmethods="1"/>
        <line num="6" count="5" type="stmt"/>
        <line num="8" count="5" type="stmt"/>
        <line num="9" count="0" type="cond" truecount="0" falsecount="2"/>
        <line num="10" count="0" type="stmt"/>
        <line num="11" count="0" type="stmt"/>
        <line num="15" count="0" type="stmt"/>
        <line num="19" count="5" type="stmt"/>
        <line num="20" count="0" type="stmt"/>
        <line num="23" count="5" type="stmt"/>
        <line num="24" count="0" type="stmt"/>
        <line num="27" count="5" type="stmt"/>
        <line num="35" count="0" type="stmt"/>
        <line num="36" count="0" type="stmt"/>
        <line num="37" count="0" type="stmt"/>
        <line num="38" count="0" type="stmt"/>
      </file>
    </package>
  </project>
</coverage>
