{"/Users/martin.jonsson/Python/DjangoReact/frontend/src/App.tsx": {"path":"/Users/martin.jonsson/Python/DjangoReact/frontend/src/App.tsx","statementMap":{"0":{"start":{"line":6,"column":2},"end":{"line":11,"column":4}}},"fnMap":{"0":{"name":"App","decl":{"start":{"line":5,"column":9},"end":{"line":5,"column":12}},"loc":{"start":{"line":5,"column":15},"end":{"line":12,"column":1}},"line":5}},"branchMap":{},"s":{"0":5},"f":{"0":5},"b":{},"_coverageSchema":"1a1c01bbd47fc00a2c39e90264f33305004495a9","hash":"8b825f731841810c9a76c0343ceda77682a4546c"}
,"/Users/martin.jonsson/Python/DjangoReact/frontend/src/index.tsx": {"path":"/Users/martin.jonsson/Python/DjangoReact/frontend/src/index.tsx","statementMap":{"0":{"start":{"line":9,"column":18},"end":{"line":9,"column":50}},"1":{"start":{"line":10,"column":13},"end":{"line":10,"column":34}},"2":{"start":{"line":12,"column":0},"end":{"line":16,"column":2}},"3":{"start":{"line":21,"column":0},"end":{"line":21,"column":18}}},"fnMap":{},"branchMap":{},"s":{"0":0,"1":0,"2":0,"3":0},"f":{},"b":{}}
,"/Users/martin.jonsson/Python/DjangoReact/frontend/src/reportWebVitals.ts": {"path":"/Users/martin.jonsson/Python/DjangoReact/frontend/src/reportWebVitals.ts","statementMap":{"0":{"start":{"line":3,"column":24},"end":{"line":13,"column":1}},"1":{"start":{"line":4,"column":2},"end":{"line":12,"column":3}},"2":{"start":{"line":5,"column":4},"end":{"line":11,"column":7}},"3":{"start":{"line":6,"column":6},"end":{"line":6,"column":26}},"4":{"start":{"line":7,"column":6},"end":{"line":7,"column":26}},"5":{"start":{"line":8,"column":6},"end":{"line":8,"column":26}},"6":{"start":{"line":9,"column":6},"end":{"line":9,"column":26}},"7":{"start":{"line":10,"column":6},"end":{"line":10,"column":27}}},"fnMap":{"0":{"name":"(anonymous_0)","decl":{"start":{"line":3,"column":24},"end":{"line":3,"column":25}},"loc":{"start":{"line":3,"column":57},"end":{"line":13,"column":1}},"line":3},"1":{"name":"(anonymous_1)","decl":{"start":{"line":5,"column":30},"end":{"line":5,"column":31}},"loc":{"start":{"line":5,"column":79},"end":{"line":11,"column":5}},"line":5}},"branchMap":{"0":{"loc":{"start":{"line":4,"column":2},"end":{"line":12,"column":3}},"type":"if","locations":[{"start":{"line":4,"column":2},"end":{"line":12,"column":3}},{"start":{},"end":{}}],"line":4},"1":{"loc":{"start":{"line":4,"column":6},"end":{"line":4,"column":52}},"type":"binary-expr","locations":[{"start":{"line":4,"column":6},"end":{"line":4,"column":17}},{"start":{"line":4,"column":21},"end":{"line":4,"column":52}}],"line":4}},"s":{"0":0,"1":0,"2":0,"3":0,"4":0,"5":0,"6":0,"7":0},"f":{"0":0,"1":0},"b":{"0":[0,0],"1":[0,0]}}
,"/Users/martin.jonsson/Python/DjangoReact/frontend/src/app/hooks.ts": {"path":"/Users/martin.jonsson/Python/DjangoReact/frontend/src/app/hooks.ts","statementMap":{"0":{"start":{"line":5,"column":49},"end":{"line":5,"column":60}},"1":{"start":{"line":6,"column":63},"end":{"line":6,"column":74}}},"fnMap":{},"branchMap":{},"s":{"0":2,"1":2},"f":{},"b":{},"_coverageSchema":"1a1c01bbd47fc00a2c39e90264f33305004495a9","hash":"6d0dd7a00de9ade761798d638fd11dfa85f25ca2"}
,"/Users/martin.jonsson/Python/DjangoReact/frontend/src/app/store.ts": {"path":"/Users/martin.jonsson/Python/DjangoReact/frontend/src/app/store.ts","statementMap":{"0":{"start":{"line":4,"column":21},"end":{"line":8,"column":2}}},"fnMap":{},"branchMap":{},"s":{"0":2},"f":{},"b":{},"_coverageSchema":"1a1c01bbd47fc00a2c39e90264f33305004495a9","hash":"1a6cceee46c6f8f8632499bd4280f52e6d3075e1"}
,"/Users/martin.jonsson/Python/DjangoReact/frontend/src/features/products/ProductBadge.tsx": {"path":"/Users/martin.jonsson/Python/DjangoReact/frontend/src/features/products/ProductBadge.tsx","statementMap":{"0":{"start":{"line":7,"column":21},"end":{"line":38,"column":1}},"1":{"start":{"line":8,"column":19},"end":{"line":8,"column":35}},"2":{"start":{"line":9,"column":27},"end":{"line":9,"column":40}},"3":{"start":{"line":11,"column":30},"end":{"line":16,"column":3}},"4":{"start":{"line":12,"column":4},"end":{"line":12,"column":32}},"5":{"start":{"line":13,"column":4},"end":{"line":15,"column":11}},"6":{"start":{"line":14,"column":6},"end":{"line":14,"column":41}},"7":{"start":{"line":18,"column":30},"end":{"line":22,"column":3}},"8":{"start":{"line":19,"column":4},"end":{"line":19,"column":39}},"9":{"start":{"line":20,"column":4},"end":{"line":20,"column":45}},"10":{"start":{"line":21,"column":4},"end":{"line":21,"column":27}},"11":{"start":{"line":24,"column":2},"end":{"line":37,"column":3}},"12":{"start":{"line":25,"column":45},"end":{"line":25,"column":66}},"13":{"start":{"line":26,"column":62},"end":{"line":26,"column":84}}},"fnMap":{"0":{"name":"(anonymous_0)","decl":{"start":{"line":7,"column":21},"end":{"line":7,"column":22}},"loc":{"start":{"line":7,"column":120},"end":{"line":38,"column":1}},"line":7},"1":{"name":"(anonymous_1)","decl":{"start":{"line":11,"column":30},"end":{"line":11,"column":31}},"loc":{"start":{"line":11,"column":36},"end":{"line":16,"column":3}},"line":11},"2":{"name":"(anonymous_2)","decl":{"start":{"line":13,"column":15},"end":{"line":13,"column":16}},"loc":{"start":{"line":13,"column":21},"end":{"line":15,"column":5}},"line":13},"3":{"name":"(anonymous_3)","decl":{"start":{"line":18,"column":30},"end":{"line":18,"column":31}},"loc":{"start":{"line":18,"column":63},"end":{"line":22,"column":3}},"line":18},"4":{"name":"(anonymous_4)","decl":{"start":{"line":25,"column":39},"end":{"line":25,"column":40}},"loc":{"start":{"line":25,"column":45},"end":{"line":25,"column":66}},"line":25},"5":{"name":"(anonymous_5)","decl":{"start":{"line":26,"column":55},"end":{"line":26,"column":56}},"loc":{"start":{"line":26,"column":62},"end":{"line":26,"column":84}},"line":26}},"branchMap":{},"s":{"0":1,"1":0,"2":0,"3":0,"4":0,"5":0,"6":0,"7":0,"8":0,"9":0,"10":0,"11":0,"12":0,"13":0},"f":{"0":0,"1":0,"2":0,"3":0,"4":0,"5":0},"b":{},"_coverageSchema":"1a1c01bbd47fc00a2c39e90264f33305004495a9","hash":"74bcae75aaa6e629622e2cfce0d59bc946c8322f"}
,"/Users/martin.jonsson/Python/DjangoReact/frontend/src/features/products/ProductModal.tsx": {"path":"/Users/martin.jonsson/Python/DjangoReact/frontend/src/features/products/ProductModal.tsx","statementMap":{"0":{"start":{"line":8,"column":19},"end":{"line":8,"column":35}},"1":{"start":{"line":9,"column":30},"end":{"line":9,"column":50}},"2":{"start":{"line":10,"column":37},"end":{"line":10,"column":57}},"3":{"start":{"line":11,"column":32},"end":{"line":11,"column":51}},"4":{"start":{"line":12,"column":14},"end":{"line":12,"column":73}},"5":{"start":{"line":14,"column":2},"end":{"line":20,"column":21}},"6":{"start":{"line":15,"column":4},"end":{"line":19,"column":5}},"7":{"start":{"line":16,"column":6},"end":{"line":16,"column":50}},"8":{"start":{"line":17,"column":6},"end":{"line":17,"column":57}},"9":{"start":{"line":18,"column":6},"end":{"line":18,"column":52}},"10":{"start":{"line":22,"column":27},"end":{"line":24,"column":3}},"11":{"start":{"line":23,"column":4},"end":{"line":23,"column":21}},"12":{"start":{"line":26,"column":27},"end":{"line":28,"column":3}},"13":{"start":{"line":27,"column":4},"end":{"line":27,"column":28}},"14":{"start":{"line":30,"column":28},"end":{"line":32,"column":3}},"15":{"start":{"line":31,"column":4},"end":{"line":31,"column":22}},"16":{"start":{"line":34,"column":27},"end":{"line":36,"column":3}},"17":{"start":{"line":35,"column":4},"end":{"line":35,"column":25}},"18":{"start":{"line":38,"column":28},"end":{"line":48,"column":3}},"19":{"start":{"line":39,"column":16},"end":{"line":39,"column":55}},"20":{"start":{"line":40,"column":4},"end":{"line":40,"column":56}},"21":{"start":{"line":40,"column":24},"end":{"line":40,"column":56}},"22":{"start":{"line":41,"column":4},"end":{"line":46,"column":14}},"23":{"start":{"line":42,"column":6},"end":{"line":46,"column":14}},"24":{"start":{"line":43,"column":8},"end":{"line":43,"column":22}},"25":{"start":{"line":44,"column":8},"end":{"line":44,"column":29}},"26":{"start":{"line":45,"column":8},"end":{"line":45,"column":22}},"27":{"start":{"line":47,"column":4},"end":{"line":47,"column":23}},"28":{"start":{"line":50,"column":28},"end":{"line":78,"column":3}},"29":{"start":{"line":51,"column":4},"end":{"line":77,"column":5}},"30":{"start":{"line":52,"column":6},"end":{"line":52,"column":55}},"31":{"start":{"line":53,"column":6},"end":{"line":53,"column":28}},"32":{"start":{"line":55,"column":6},"end":{"line":76,"column":7}},"33":{"start":{"line":56,"column":33},"end":{"line":56,"column":129}},"34":{"start":{"line":57,"column":8},"end":{"line":58,"column":64}},"35":{"start":{"line":58,"column":27},"end":{"line":58,"column":63}},"36":{"start":{"line":59,"column":8},"end":{"line":59,"column":30}},"37":{"start":{"line":60,"column":8},"end":{"line":60,"column":27}},"38":{"start":{"line":61,"column":8},"end":{"line":61,"column":22}},"39":{"start":{"line":62,"column":8},"end":{"line":62,"column":29}},"40":{"start":{"line":63,"column":8},"end":{"line":63,"column":22}},"41":{"start":{"line":66,"column":33},"end":{"line":66,"column":107}},"42":{"start":{"line":67,"column":8},"end":{"line":70,"column":11}},"43":{"start":{"line":69,"column":12},"end":{"line":69,"column":55}},"44":{"start":{"line":71,"column":8},"end":{"line":71,"column":30}},"45":{"start":{"line":72,"column":8},"end":{"line":72,"column":27}},"46":{"start":{"line":73,"column":8},"end":{"line":73,"column":22}},"47":{"start":{"line":74,"column":8},"end":{"line":74,"column":29}},"48":{"start":{"line":75,"column":8},"end":{"line":75,"column":22}},"49":{"start":{"line":80,"column":2},"end":{"line":108,"column":3}},"50":{"start":{"line":81,"column":4},"end":{"line":104,"column":5}},"51":{"start":{"line":82,"column":62},"end":{"line":82,"column":81}},"52":{"start":{"line":83,"column":58},"end":{"line":83,"column":77}},"53":{"start":{"line":87,"column":33},"end":{"line":87,"column":53}},"54":{"start":{"line":90,"column":109},"end":{"line":90,"column":141}},"55":{"start":{"line":90,"column":188},"end":{"line":90,"column":205}},"56":{"start":{"line":94,"column":109},"end":{"line":94,"column":141}},"57":{"start":{"line":98,"column":111},"end":{"line":98,"column":130}},"58":{"start":{"line":98,"column":149},"end":{"line":98,"column":222}},"59":{"start":{"line":107,"column":4},"end":{"line":107,"column":18}}},"fnMap":{"0":{"name":"ProductModal","decl":{"start":{"line":7,"column":24},"end":{"line":7,"column":36}},"loc":{"start":{"line":7,"column":110},"end":{"line":109,"column":1}},"line":7},"1":{"name":"(anonymous_1)","decl":{"start":{"line":14,"column":12},"end":{"line":14,"column":13}},"loc":{"start":{"line":14,"column":18},"end":{"line":20,"column":3}},"line":14},"2":{"name":"(anonymous_2)","decl":{"start":{"line":22,"column":27},"end":{"line":22,"column":28}},"loc":{"start":{"line":22,"column":46},"end":{"line":24,"column":3}},"line":22},"3":{"name":"(anonymous_3)","decl":{"start":{"line":26,"column":27},"end":{"line":26,"column":28}},"loc":{"start":{"line":26,"column":46},"end":{"line":28,"column":3}},"line":26},"4":{"name":"(anonymous_4)","decl":{"start":{"line":30,"column":28},"end":{"line":30,"column":29}},"loc":{"start":{"line":30,"column":47},"end":{"line":32,"column":3}},"line":30},"5":{"name":"(anonymous_5)","decl":{"start":{"line":34,"column":27},"end":{"line":34,"column":28}},"loc":{"start":{"line":34,"column":43},"end":{"line":36,"column":3}},"line":34},"6":{"name":"(anonymous_6)","decl":{"start":{"line":38,"column":28},"end":{"line":38,"column":29}},"loc":{"start":{"line":38,"column":34},"end":{"line":48,"column":3}},"line":38},"7":{"name":"(anonymous_7)","decl":{"start":{"line":42,"column":17},"end":{"line":42,"column":18}},"loc":{"start":{"line":42,"column":23},"end":{"line":46,"column":7}},"line":42},"8":{"name":"(anonymous_8)","decl":{"start":{"line":50,"column":28},"end":{"line":50,"column":29}},"loc":{"start":{"line":50,"column":44},"end":{"line":78,"column":3}},"line":50},"9":{"name":"(anonymous_9)","decl":{"start":{"line":58,"column":16},"end":{"line":58,"column":17}},"loc":{"start":{"line":58,"column":27},"end":{"line":58,"column":63}},"line":58},"10":{"name":"(anonymous_10)","decl":{"start":{"line":68,"column":16},"end":{"line":68,"column":17}},"loc":{"start":{"line":69,"column":12},"end":{"line":69,"column":55}},"line":69},"11":{"name":"(anonymous_11)","decl":{"start":{"line":82,"column":56},"end":{"line":82,"column":57}},"loc":{"start":{"line":82,"column":62},"end":{"line":82,"column":81}},"line":82},"12":{"name":"(anonymous_12)","decl":{"start":{"line":83,"column":51},"end":{"line":83,"column":52}},"loc":{"start":{"line":83,"column":58},"end":{"line":83,"column":77}},"line":83},"13":{"name":"(anonymous_13)","decl":{"start":{"line":87,"column":26},"end":{"line":87,"column":27}},"loc":{"start":{"line":87,"column":33},"end":{"line":87,"column":53}},"line":87},"14":{"name":"(anonymous_14)","decl":{"start":{"line":90,"column":102},"end":{"line":90,"column":103}},"loc":{"start":{"line":90,"column":109},"end":{"line":90,"column":141}},"line":90},"15":{"name":"(anonymous_15)","decl":{"start":{"line":90,"column":181},"end":{"line":90,"column":182}},"loc":{"start":{"line":90,"column":188},"end":{"line":90,"column":205}},"line":90},"16":{"name":"(anonymous_16)","decl":{"start":{"line":94,"column":102},"end":{"line":94,"column":103}},"loc":{"start":{"line":94,"column":109},"end":{"line":94,"column":141}},"line":94},"17":{"name":"(anonymous_17)","decl":{"start":{"line":98,"column":104},"end":{"line":98,"column":105}},"loc":{"start":{"line":98,"column":111},"end":{"line":98,"column":130}},"line":98},"18":{"name":"(anonymous_18)","decl":{"start":{"line":98,"column":142},"end":{"line":98,"column":143}},"loc":{"start":{"line":98,"column":149},"end":{"line":98,"column":222}},"line":98}},"branchMap":{"0":{"loc":{"start":{"line":12,"column":14},"end":{"line":12,"column":73}},"type":"cond-expr","locations":[{"start":{"line":12,"column":30},"end":{"line":12,"column":47}},{"start":{"line":12,"column":50},"end":{"line":12,"column":73}}],"line":12},"1":{"loc":{"start":{"line":15,"column":4},"end":{"line":19,"column":5}},"type":"if","locations":[{"start":{"line":15,"column":4},"end":{"line":19,"column":5}},{"start":{},"end":{}}],"line":15},"2":{"loc":{"start":{"line":40,"column":4},"end":{"line":40,"column":56}},"type":"if","locations":[{"start":{"line":40,"column":4},"end":{"line":40,"column":56}},{"start":{},"end":{}}],"line":40},"3":{"loc":{"start":{"line":41,"column":4},"end":{"line":46,"column":14}},"type":"if","locations":[{"start":{"line":41,"column":4},"end":{"line":46,"column":14}},{"start":{},"end":{}}],"line":41},"4":{"loc":{"start":{"line":51,"column":4},"end":{"line":77,"column":5}},"type":"if","locations":[{"start":{"line":51,"column":4},"end":{"line":77,"column":5}},{"start":{"line":54,"column":11},"end":{"line":77,"column":5}}],"line":51},"5":{"loc":{"start":{"line":51,"column":8},"end":{"line":51,"column":59}},"type":"binary-expr","locations":[{"start":{"line":51,"column":8},"end":{"line":51,"column":24}},{"start":{"line":51,"column":28},"end":{"line":51,"column":44}},{"start":{"line":51,"column":48},"end":{"line":51,"column":59}}],"line":51},"6":{"loc":{"start":{"line":55,"column":6},"end":{"line":76,"column":7}},"type":"if","locations":[{"start":{"line":55,"column":6},"end":{"line":76,"column":7}},{"start":{"line":65,"column":11},"end":{"line":76,"column":7}}],"line":55},"7":{"loc":{"start":{"line":80,"column":2},"end":{"line":108,"column":3}},"type":"if","locations":[{"start":{"line":80,"column":2},"end":{"line":108,"column":3}},{"start":{"line":106,"column":7},"end":{"line":108,"column":3}}],"line":80},"8":{"loc":{"start":{"line":98,"column":167},"end":{"line":98,"column":221}},"type":"cond-expr","locations":[{"start":{"line":98,"column":191},"end":{"line":98,"column":217}},{"start":{"line":98,"column":220},"end":{"line":98,"column":221}}],"line":98}},"s":{"0":10,"1":10,"2":10,"3":10,"4":10,"5":10,"6":9,"7":1,"8":1,"9":1,"10":10,"11":1,"12":10,"13":1,"14":10,"15":1,"16":10,"17":0,"18":10,"19":0,"20":0,"21":0,"22":0,"23":0,"24":0,"25":0,"26":0,"27":0,"28":10,"29":0,"30":0,"31":0,"32":0,"33":0,"34":0,"35":0,"36":0,"37":0,"38":0,"39":0,"40":0,"41":0,"42":0,"43":0,"44":0,"45":0,"46":0,"47":0,"48":0,"49":10,"50":0,"51":0,"52":0,"53":0,"54":0,"55":0,"56":0,"57":0,"58":0,"59":10},"f":{"0":10,"1":9,"2":1,"3":1,"4":1,"5":0,"6":0,"7":0,"8":0,"9":0,"10":0,"11":0,"12":0,"13":0,"14":0,"15":0,"16":0,"17":0,"18":0},"b":{"0":[2,8],"1":[1,8],"2":[0,0],"3":[0,0],"4":[0,0],"5":[0,0,0],"6":[0,0],"7":[0,10],"8":[0,0]},"_coverageSchema":"1a1c01bbd47fc00a2c39e90264f33305004495a9","hash":"bf657cb214a4415e214280bb126e08bef7655cf8"}
,"/Users/martin.jonsson/Python/DjangoReact/frontend/src/features/products/Products.tsx": {"path":"/Users/martin.jonsson/Python/DjangoReact/frontend/src/features/products/Products.tsx","statementMap":{"0":{"start":{"line":11,"column":19},"end":{"line":11,"column":67}},"1":{"start":{"line":11,"column":43},"end":{"line":11,"column":66}},"2":{"start":{"line":12,"column":17},"end":{"line":12,"column":63}},"3":{"start":{"line":12,"column":41},"end":{"line":12,"column":62}},"4":{"start":{"line":13,"column":19},"end":{"line":13,"column":35}},"5":{"start":{"line":14,"column":35},"end":{"line":14,"column":50}},"6":{"start":{"line":15,"column":41},"end":{"line":15,"column":51}},"7":{"start":{"line":17,"column":2},"end":{"line":21,"column":8}},"8":{"start":{"line":18,"column":4},"end":{"line":20,"column":5}},"9":{"start":{"line":19,"column":6},"end":{"line":19,"column":28}},"10":{"start":{"line":23,"column":28},"end":{"line":32,"column":3}},"11":{"start":{"line":24,"column":4},"end":{"line":31,"column":5}},"12":{"start":{"line":25,"column":6},"end":{"line":27,"column":14}},"13":{"start":{"line":26,"column":8},"end":{"line":26,"column":31}},"14":{"start":{"line":30,"column":6},"end":{"line":30,"column":29}},"15":{"start":{"line":34,"column":2},"end":{"line":53,"column":3}},"16":{"start":{"line":35,"column":4},"end":{"line":37,"column":5}},"17":{"start":{"line":40,"column":4},"end":{"line":52,"column":5}},"18":{"start":{"line":45,"column":12},"end":{"line":48,"column":15}},"19":{"start":{"line":46,"column":14},"end":{"line":48,"column":15}}},"fnMap":{"0":{"name":"Products","decl":{"start":{"line":10,"column":9},"end":{"line":10,"column":17}},"loc":{"start":{"line":10,"column":20},"end":{"line":54,"column":1}},"line":10},"1":{"name":"(anonymous_1)","decl":{"start":{"line":11,"column":34},"end":{"line":11,"column":35}},"loc":{"start":{"line":11,"column":43},"end":{"line":11,"column":66}},"line":11},"2":{"name":"(anonymous_2)","decl":{"start":{"line":12,"column":32},"end":{"line":12,"column":33}},"loc":{"start":{"line":12,"column":41},"end":{"line":12,"column":62}},"line":12},"3":{"name":"(anonymous_3)","decl":{"start":{"line":17,"column":12},"end":{"line":17,"column":13}},"loc":{"start":{"line":17,"column":18},"end":{"line":21,"column":3}},"line":17},"4":{"name":"(anonymous_4)","decl":{"start":{"line":23,"column":28},"end":{"line":23,"column":29}},"loc":{"start":{"line":23,"column":34},"end":{"line":32,"column":3}},"line":23},"5":{"name":"(anonymous_5)","decl":{"start":{"line":25,"column":17},"end":{"line":25,"column":18}},"loc":{"start":{"line":25,"column":23},"end":{"line":27,"column":7}},"line":25},"6":{"name":"(anonymous_6)","decl":{"start":{"line":44,"column":24},"end":{"line":44,"column":25}},"loc":{"start":{"line":44,"column":44},"end":{"line":49,"column":11}},"line":44}},"branchMap":{"0":{"loc":{"start":{"line":18,"column":4},"end":{"line":20,"column":5}},"type":"if","locations":[{"start":{"line":18,"column":4},"end":{"line":20,"column":5}},{"start":{},"end":{}}],"line":18},"1":{"loc":{"start":{"line":24,"column":4},"end":{"line":31,"column":5}},"type":"if","locations":[{"start":{"line":24,"column":4},"end":{"line":31,"column":5}},{"start":{"line":29,"column":9},"end":{"line":31,"column":5}}],"line":24},"2":{"loc":{"start":{"line":34,"column":2},"end":{"line":53,"column":3}},"type":"if","locations":[{"start":{"line":34,"column":2},"end":{"line":53,"column":3}},{"start":{"line":38,"column":9},"end":{"line":53,"column":3}}],"line":34},"3":{"loc":{"start":{"line":45,"column":12},"end":{"line":48,"column":15}},"type":"if","locations":[{"start":{"line":45,"column":12},"end":{"line":48,"column":15}},{"start":{},"end":{}}],"line":45}},"s":{"0":6,"1":7,"2":6,"3":7,"4":6,"5":6,"6":6,"7":6,"8":5,"9":1,"10":6,"11":0,"12":0,"13":0,"14":0,"15":6,"16":5,"17":1,"18":0,"19":0},"f":{"0":6,"1":7,"2":7,"3":5,"4":0,"5":0,"6":0},"b":{"0":[1,4],"1":[0,0],"2":[5,1],"3":[0,0]},"_coverageSchema":"1a1c01bbd47fc00a2c39e90264f33305004495a9","hash":"60f8137932246e1232d7aab07ee3f27cadd2a44d"}
,"/Users/martin.jonsson/Python/DjangoReact/frontend/src/features/products/productsAPI.ts": {"path":"/Users/martin.jonsson/Python/DjangoReact/frontend/src/features/products/productsAPI.ts","statementMap":{"0":{"start":{"line":5,"column":17},"end":{"line":6,"column":49}},"1":{"start":{"line":6,"column":26},"end":{"line":6,"column":46}},"2":{"start":{"line":7,"column":2},"end":{"line":7,"column":16}},"3":{"start":{"line":11,"column":17},"end":{"line":19,"column":43}},"4":{"start":{"line":18,"column":26},"end":{"line":18,"column":46}},"5":{"start":{"line":19,"column":22},"end":{"line":19,"column":40}},"6":{"start":{"line":20,"column":2},"end":{"line":20,"column":32}},"7":{"start":{"line":24,"column":17},"end":{"line":33,"column":43}},"8":{"start":{"line":32,"column":26},"end":{"line":32,"column":46}},"9":{"start":{"line":33,"column":22},"end":{"line":33,"column":40}},"10":{"start":{"line":34,"column":2},"end":{"line":34,"column":32}},"11":{"start":{"line":38,"column":2},"end":{"line":42,"column":39}},"12":{"start":{"line":41,"column":16},"end":{"line":41,"column":29}},"13":{"start":{"line":42,"column":20},"end":{"line":42,"column":38}}},"fnMap":{"0":{"name":"fetchProducts","decl":{"start":{"line":4,"column":22},"end":{"line":4,"column":35}},"loc":{"start":{"line":4,"column":38},"end":{"line":8,"column":1}},"line":4},"1":{"name":"(anonymous_1)","decl":{"start":{"line":6,"column":10},"end":{"line":6,"column":11}},"loc":{"start":{"line":6,"column":24},"end":{"line":6,"column":48}},"line":6},"2":{"name":"postNewProduct","decl":{"start":{"line":10,"column":22},"end":{"line":10,"column":36}},"loc":{"start":{"line":10,"column":55},"end":{"line":21,"column":1}},"line":10},"3":{"name":"(anonymous_3)","decl":{"start":{"line":18,"column":10},"end":{"line":18,"column":11}},"loc":{"start":{"line":18,"column":24},"end":{"line":18,"column":48}},"line":18},"4":{"name":"(anonymous_4)","decl":{"start":{"line":19,"column":11},"end":{"line":19,"column":12}},"loc":{"start":{"line":19,"column":20},"end":{"line":19,"column":42}},"line":19},"5":{"name":"updateProduct","decl":{"start":{"line":23,"column":22},"end":{"line":23,"column":35}},"loc":{"start":{"line":23,"column":54},"end":{"line":35,"column":1}},"line":23},"6":{"name":"(anonymous_6)","decl":{"start":{"line":32,"column":10},"end":{"line":32,"column":11}},"loc":{"start":{"line":32,"column":24},"end":{"line":32,"column":48}},"line":32},"7":{"name":"(anonymous_7)","decl":{"start":{"line":33,"column":11},"end":{"line":33,"column":12}},"loc":{"start":{"line":33,"column":20},"end":{"line":33,"column":42}},"line":33},"8":{"name":"deleteProduct","decl":{"start":{"line":37,"column":16},"end":{"line":37,"column":29}},"loc":{"start":{"line":37,"column":42},"end":{"line":43,"column":1}},"line":37},"9":{"name":"(anonymous_9)","decl":{"start":{"line":41,"column":10},"end":{"line":41,"column":11}},"loc":{"start":{"line":41,"column":16},"end":{"line":41,"column":29}},"line":41},"10":{"name":"(anonymous_10)","decl":{"start":{"line":42,"column":11},"end":{"line":42,"column":12}},"loc":{"start":{"line":42,"column":20},"end":{"line":42,"column":38}},"line":42}},"branchMap":{},"s":{"0":1,"1":0,"2":0,"3":0,"4":0,"5":0,"6":0,"7":0,"8":0,"9":0,"10":0,"11":0,"12":0,"13":0},"f":{"0":1,"1":0,"2":0,"3":0,"4":0,"5":0,"6":0,"7":0,"8":0,"9":0,"10":0},"b":{},"_coverageSchema":"1a1c01bbd47fc00a2c39e90264f33305004495a9","hash":"eee12dace873c4efa7c4fed35fabf6e2817f2c85"}
,"/Users/martin.jonsson/Python/DjangoReact/frontend/src/features/products/productsSlice.ts": {"path":"/Users/martin.jonsson/Python/DjangoReact/frontend/src/features/products/productsSlice.ts","statementMap":{"0":{"start":{"line":23,"column":35},"end":{"line":26,"column":1}},"1":{"start":{"line":29,"column":2},"end":{"line":35,"column":3}},"2":{"start":{"line":32,"column":23},"end":{"line":32,"column":44}},"3":{"start":{"line":33,"column":6},"end":{"line":33,"column":22}},"4":{"start":{"line":37,"column":22},"end":{"line":44,"column":1}},"5":{"start":{"line":38,"column":2},"end":{"line":42,"column":4}},"6":{"start":{"line":39,"column":4},"end":{"line":41,"column":5}},"7":{"start":{"line":40,"column":6},"end":{"line":40,"column":32}},"8":{"start":{"line":43,"column":2},"end":{"line":43,"column":18}},"9":{"start":{"line":46,"column":29},"end":{"line":74,"column":2}},"10":{"start":{"line":51,"column":6},"end":{"line":51,"column":86}},"11":{"start":{"line":51,"column":56},"end":{"line":51,"column":85}},"12":{"start":{"line":54,"column":6},"end":{"line":54,"column":174}},"13":{"start":{"line":54,"column":74},"end":{"line":54,"column":173}},"14":{"start":{"line":57,"column":6},"end":{"line":57,"column":73}},"15":{"start":{"line":61,"column":4},"end":{"line":72,"column":8}},"16":{"start":{"line":63,"column":8},"end":{"line":63,"column":44}},"17":{"start":{"line":67,"column":10},"end":{"line":67,"column":43}},"18":{"start":{"line":68,"column":10},"end":{"line":68,"column":162}},"19":{"start":{"line":68,"column":62},"end":{"line":68,"column":161}},"20":{"start":{"line":71,"column":8},"end":{"line":71,"column":43}},"21":{"start":{"line":76,"column":30},"end":{"line":76,"column":66}},"22":{"start":{"line":76,"column":52},"end":{"line":76,"column":66}},"23":{"start":{"line":78,"column":78},"end":{"line":78,"column":99}}},"fnMap":{"0":{"name":"(anonymous_0)","decl":{"start":{"line":31,"column":4},"end":{"line":31,"column":5}},"loc":{"start":{"line":31,"column":16},"end":{"line":34,"column":5}},"line":31},"1":{"name":"(anonymous_1)","decl":{"start":{"line":37,"column":22},"end":{"line":37,"column":23}},"loc":{"start":{"line":37,"column":65},"end":{"line":44,"column":1}},"line":37},"2":{"name":"(anonymous_2)","decl":{"start":{"line":38,"column":19},"end":{"line":38,"column":20}},"loc":{"start":{"line":38,"column":36},"end":{"line":42,"column":3}},"line":38},"3":{"name":"(anonymous_3)","decl":{"start":{"line":50,"column":25},"end":{"line":50,"column":26}},"loc":{"start":{"line":50,"column":44},"end":{"line":52,"column":5}},"line":50},"4":{"name":"(anonymous_4)","decl":{"start":{"line":51,"column":45},"end":{"line":51,"column":46}},"loc":{"start":{"line":51,"column":56},"end":{"line":51,"column":85}},"line":51},"5":{"name":"(anonymous_5)","decl":{"start":{"line":53,"column":22},"end":{"line":53,"column":23}},"loc":{"start":{"line":53,"column":41},"end":{"line":55,"column":5}},"line":53},"6":{"name":"(anonymous_6)","decl":{"start":{"line":54,"column":64},"end":{"line":54,"column":65}},"loc":{"start":{"line":54,"column":74},"end":{"line":54,"column":173}},"line":54},"7":{"name":"(anonymous_7)","decl":{"start":{"line":56,"column":25},"end":{"line":56,"column":26}},"loc":{"start":{"line":56,"column":44},"end":{"line":58,"column":5}},"line":56},"8":{"name":"(anonymous_8)","decl":{"start":{"line":60,"column":17},"end":{"line":60,"column":18}},"loc":{"start":{"line":60,"column":30},"end":{"line":73,"column":3}},"line":60},"9":{"name":"(anonymous_9)","decl":{"start":{"line":62,"column":35},"end":{"line":62,"column":36}},"loc":{"start":{"line":62,"column":46},"end":{"line":64,"column":7}},"line":62},"10":{"name":"(anonymous_10)","decl":{"start":{"line":66,"column":8},"end":{"line":66,"column":9}},"loc":{"start":{"line":66,"column":41},"end":{"line":69,"column":9}},"line":66},"11":{"name":"(anonymous_11)","decl":{"start":{"line":68,"column":52},"end":{"line":68,"column":53}},"loc":{"start":{"line":68,"column":62},"end":{"line":68,"column":161}},"line":68},"12":{"name":"(anonymous_12)","decl":{"start":{"line":70,"column":36},"end":{"line":70,"column":37}},"loc":{"start":{"line":70,"column":47},"end":{"line":72,"column":7}},"line":70},"13":{"name":"(anonymous_13)","decl":{"start":{"line":76,"column":30},"end":{"line":76,"column":31}},"loc":{"start":{"line":76,"column":52},"end":{"line":76,"column":66}},"line":76}},"branchMap":{"0":{"loc":{"start":{"line":39,"column":4},"end":{"line":41,"column":5}},"type":"if","locations":[{"start":{"line":39,"column":4},"end":{"line":41,"column":5}},{"start":{},"end":{}}],"line":39},"1":{"loc":{"start":{"line":54,"column":74},"end":{"line":54,"column":173}},"type":"cond-expr","locations":[{"start":{"line":54,"column":109},"end":{"line":54,"column":149}},{"start":{"line":54,"column":152},"end":{"line":54,"column":173}}],"line":54},"2":{"loc":{"start":{"line":54,"column":109},"end":{"line":54,"column":149}},"type":"cond-expr","locations":[{"start":{"line":54,"column":143},"end":{"line":54,"column":144}},{"start":{"line":54,"column":147},"end":{"line":54,"column":149}}],"line":54},"3":{"loc":{"start":{"line":54,"column":152},"end":{"line":54,"column":173}},"type":"cond-expr","locations":[{"start":{"line":54,"column":166},"end":{"line":54,"column":167}},{"start":{"line":54,"column":170},"end":{"line":54,"column":173}}],"line":54},"4":{"loc":{"start":{"line":68,"column":62},"end":{"line":68,"column":161}},"type":"cond-expr","locations":[{"start":{"line":68,"column":97},"end":{"line":68,"column":137}},{"start":{"line":68,"column":140},"end":{"line":68,"column":161}}],"line":68},"5":{"loc":{"start":{"line":68,"column":97},"end":{"line":68,"column":137}},"type":"cond-expr","locations":[{"start":{"line":68,"column":131},"end":{"line":68,"column":132}},{"start":{"line":68,"column":135},"end":{"line":68,"column":137}}],"line":68},"6":{"loc":{"start":{"line":68,"column":140},"end":{"line":68,"column":161}},"type":"cond-expr","locations":[{"start":{"line":68,"column":154},"end":{"line":68,"column":155}},{"start":{"line":68,"column":158},"end":{"line":68,"column":161}}],"line":68}},"s":{"0":3,"1":3,"2":1,"3":0,"4":3,"5":1,"6":1,"7":1,"8":1,"9":3,"10":1,"11":1,"12":3,"13":2,"14":1,"15":3,"16":1,"17":0,"18":0,"19":0,"20":0,"21":3,"22":0,"23":3},"f":{"0":1,"1":1,"2":1,"3":1,"4":1,"5":3,"6":2,"7":1,"8":3,"9":1,"10":0,"11":0,"12":0,"13":0},"b":{"0":[1,0],"1":[2,0],"2":[0,2],"3":[0,0],"4":[0,0],"5":[0,0],"6":[0,0]},"_coverageSchema":"1a1c01bbd47fc00a2c39e90264f33305004495a9","hash":"d180c23fd6e213ab2fe180c0fd294f30faade963"}
,"/Users/martin.jonsson/Python/DjangoReact/frontend/src/features/titlebar/Titlebar.tsx": {"path":"/Users/martin.jonsson/Python/DjangoReact/frontend/src/features/titlebar/Titlebar.tsx","statementMap":{"0":{"start":{"line":6,"column":35},"end":{"line":6,"column":50}},"1":{"start":{"line":8,"column":28},"end":{"line":17,"column":3}},"2":{"start":{"line":9,"column":4},"end":{"line":16,"column":5}},"3":{"start":{"line":10,"column":6},"end":{"line":12,"column":14}},"4":{"start":{"line":11,"column":8},"end":{"line":11,"column":31}},"5":{"start":{"line":15,"column":6},"end":{"line":15,"column":29}},"6":{"start":{"line":19,"column":25},"end":{"line":21,"column":3}},"7":{"start":{"line":20,"column":4},"end":{"line":20,"column":15}},"8":{"start":{"line":23,"column":21},"end":{"line":25,"column":3}},"9":{"start":{"line":24,"column":4},"end":{"line":24,"column":64}},"10":{"start":{"line":27,"column":2},"end":{"line":42,"column":3}},"11":{"start":{"line":35,"column":33},"end":{"line":35,"column":52}},"12":{"start":{"line":36,"column":33},"end":{"line":36,"column":45}},"13":{"start":{"line":37,"column":33},"end":{"line":37,"column":45}},"14":{"start":{"line":38,"column":57},"end":{"line":38,"column":73}}},"fnMap":{"0":{"name":"Titlebar","decl":{"start":{"line":5,"column":9},"end":{"line":5,"column":17}},"loc":{"start":{"line":5,"column":20},"end":{"line":43,"column":1}},"line":5},"1":{"name":"(anonymous_1)","decl":{"start":{"line":8,"column":28},"end":{"line":8,"column":29}},"loc":{"start":{"line":8,"column":34},"end":{"line":17,"column":3}},"line":8},"2":{"name":"(anonymous_2)","decl":{"start":{"line":10,"column":17},"end":{"line":10,"column":18}},"loc":{"start":{"line":10,"column":23},"end":{"line":12,"column":7}},"line":10},"3":{"name":"(anonymous_3)","decl":{"start":{"line":19,"column":25},"end":{"line":19,"column":26}},"loc":{"start":{"line":19,"column":31},"end":{"line":21,"column":3}},"line":19},"4":{"name":"(anonymous_4)","decl":{"start":{"line":23,"column":21},"end":{"line":23,"column":22}},"loc":{"start":{"line":23,"column":27},"end":{"line":25,"column":3}},"line":23},"5":{"name":"(anonymous_5)","decl":{"start":{"line":35,"column":27},"end":{"line":35,"column":28}},"loc":{"start":{"line":35,"column":33},"end":{"line":35,"column":52}},"line":35},"6":{"name":"(anonymous_6)","decl":{"start":{"line":36,"column":27},"end":{"line":36,"column":28}},"loc":{"start":{"line":36,"column":33},"end":{"line":36,"column":45}},"line":36},"7":{"name":"(anonymous_7)","decl":{"start":{"line":37,"column":27},"end":{"line":37,"column":28}},"loc":{"start":{"line":37,"column":33},"end":{"line":37,"column":45}},"line":37},"8":{"name":"(anonymous_8)","decl":{"start":{"line":38,"column":51},"end":{"line":38,"column":52}},"loc":{"start":{"line":38,"column":57},"end":{"line":38,"column":73}},"line":38}},"branchMap":{"0":{"loc":{"start":{"line":9,"column":4},"end":{"line":16,"column":5}},"type":"if","locations":[{"start":{"line":9,"column":4},"end":{"line":16,"column":5}},{"start":{"line":14,"column":9},"end":{"line":16,"column":5}}],"line":9}},"s":{"0":5,"1":5,"2":0,"3":0,"4":0,"5":0,"6":5,"7":0,"8":5,"9":0,"10":5,"11":0,"12":0,"13":0,"14":0},"f":{"0":5,"1":0,"2":0,"3":0,"4":0,"5":0,"6":0,"7":0,"8":0},"b":{"0":[0,0]},"_coverageSchema":"1a1c01bbd47fc00a2c39e90264f33305004495a9","hash":"540891faa8645d2ab2aec2f116141c1986c20632"}
}
