{"/Users/martin.jonsson/Python/DjangoReact/frontend/src/App.tsx": {"path":"/Users/martin.jonsson/Python/DjangoReact/frontend/src/App.tsx","statementMap":{"0":{"start":{"line":5,"column":33},"end":{"line":14,"column":1}},"1":{"start":{"line":6,"column":2},"end":{"line":13,"column":3}},"2":{"start":{"line":7,"column":4},"end":{"line":7,"column":22}},"3":{"start":{"line":8,"column":4},"end":{"line":8,"column":16}},"4":{"start":{"line":11,"column":4},"end":{"line":11,"column":21}},"5":{"start":{"line":12,"column":4},"end":{"line":12,"column":15}},"6":{"start":{"line":17,"column":2},"end":{"line":22,"column":4}}},"fnMap":{"0":{"name":"(anonymous_0)","decl":{"start":{"line":5,"column":33},"end":{"line":5,"column":34}},"loc":{"start":{"line":5,"column":80},"end":{"line":14,"column":1}},"line":5},"1":{"name":"App","decl":{"start":{"line":16,"column":9},"end":{"line":16,"column":12}},"loc":{"start":{"line":16,"column":15},"end":{"line":23,"column":1}},"line":16}},"branchMap":{"0":{"loc":{"start":{"line":6,"column":2},"end":{"line":13,"column":3}},"type":"if","locations":[{"start":{"line":6,"column":2},"end":{"line":13,"column":3}},{"start":{"line":10,"column":7},"end":{"line":13,"column":3}}],"line":6}},"s":{"0":1,"1":2,"2":1,"3":1,"4":1,"5":1,"6":1},"f":{"0":2,"1":1},"b":{"0":[1,1]},"_coverageSchema":"1a1c01bbd47fc00a2c39e90264f33305004495a9","hash":"2429ebf70e47d66e51686e5d56aa57a5aba15127"}
,"/Users/martin.jonsson/Python/DjangoReact/frontend/src/app/hooks.ts": {"path":"/Users/martin.jonsson/Python/DjangoReact/frontend/src/app/hooks.ts","statementMap":{"0":{"start":{"line":5,"column":49},"end":{"line":5,"column":60}},"1":{"start":{"line":6,"column":63},"end":{"line":6,"column":74}}},"fnMap":{},"branchMap":{},"s":{"0":9,"1":9},"f":{},"b":{},"_coverageSchema":"1a1c01bbd47fc00a2c39e90264f33305004495a9","hash":"6d0dd7a00de9ade761798d638fd11dfa85f25ca2"}
,"/Users/martin.jonsson/Python/DjangoReact/frontend/src/app/store.ts": {"path":"/Users/martin.jonsson/Python/DjangoReact/frontend/src/app/store.ts","statementMap":{"0":{"start":{"line":4,"column":21},"end":{"line":8,"column":2}}},"fnMap":{},"branchMap":{},"s":{"0":7},"f":{},"b":{},"_coverageSchema":"1a1c01bbd47fc00a2c39e90264f33305004495a9","hash":"1a6cceee46c6f8f8632499bd4280f52e6d3075e1"}
,"/Users/martin.jonsson/Python/DjangoReact/frontend/src/features/products/ProductBadge.tsx": {"path":"/Users/martin.jonsson/Python/DjangoReact/frontend/src/features/products/ProductBadge.tsx","statementMap":{"0":{"start":{"line":5,"column":21},"end":{"line":23,"column":1}},"1":{"start":{"line":6,"column":19},"end":{"line":6,"column":35}},"2":{"start":{"line":7,"column":27},"end":{"line":7,"column":40}},"3":{"start":{"line":9,"column":2},"end":{"line":22,"column":3}},"4":{"start":{"line":10,"column":45},"end":{"line":10,"column":113}},"5":{"start":{"line":11,"column":62},"end":{"line":11,"column":115}}},"fnMap":{"0":{"name":"(anonymous_0)","decl":{"start":{"line":5,"column":21},"end":{"line":5,"column":22}},"loc":{"start":{"line":5,"column":173},"end":{"line":23,"column":1}},"line":5},"1":{"name":"(anonymous_1)","decl":{"start":{"line":10,"column":39},"end":{"line":10,"column":40}},"loc":{"start":{"line":10,"column":45},"end":{"line":10,"column":113}},"line":10},"2":{"name":"(anonymous_2)","decl":{"start":{"line":11,"column":55},"end":{"line":11,"column":56}},"loc":{"start":{"line":11,"column":62},"end":{"line":11,"column":115}},"line":11}},"branchMap":{},"s":{"0":5,"1":12,"2":12,"3":12,"4":1,"5":1},"f":{"0":12,"1":1,"2":1},"b":{},"_coverageSchema":"1a1c01bbd47fc00a2c39e90264f33305004495a9","hash":"c58eb0cd08f1c529cdb90e7d1e3a5ad6eeadf056"}
,"/Users/martin.jonsson/Python/DjangoReact/frontend/src/features/products/ProductModal.tsx": {"path":"/Users/martin.jonsson/Python/DjangoReact/frontend/src/features/products/ProductModal.tsx","statementMap":{"0":{"start":{"line":8,"column":19},"end":{"line":8,"column":35}},"1":{"start":{"line":9,"column":30},"end":{"line":9,"column":50}},"2":{"start":{"line":10,"column":37},"end":{"line":10,"column":57}},"3":{"start":{"line":11,"column":32},"end":{"line":11,"column":51}},"4":{"start":{"line":12,"column":14},"end":{"line":12,"column":73}},"5":{"start":{"line":14,"column":2},"end":{"line":20,"column":21}},"6":{"start":{"line":15,"column":4},"end":{"line":19,"column":5}},"7":{"start":{"line":16,"column":6},"end":{"line":16,"column":50}},"8":{"start":{"line":17,"column":6},"end":{"line":17,"column":57}},"9":{"start":{"line":18,"column":6},"end":{"line":18,"column":52}},"10":{"start":{"line":22,"column":27},"end":{"line":24,"column":3}},"11":{"start":{"line":23,"column":4},"end":{"line":23,"column":21}},"12":{"start":{"line":26,"column":27},"end":{"line":28,"column":3}},"13":{"start":{"line":27,"column":4},"end":{"line":27,"column":28}},"14":{"start":{"line":30,"column":28},"end":{"line":32,"column":3}},"15":{"start":{"line":31,"column":4},"end":{"line":31,"column":22}},"16":{"start":{"line":34,"column":27},"end":{"line":36,"column":3}},"17":{"start":{"line":35,"column":4},"end":{"line":35,"column":25}},"18":{"start":{"line":38,"column":28},"end":{"line":47,"column":3}},"19":{"start":{"line":39,"column":16},"end":{"line":39,"column":55}},"20":{"start":{"line":40,"column":4},"end":{"line":40,"column":56}},"21":{"start":{"line":40,"column":24},"end":{"line":40,"column":56}},"22":{"start":{"line":41,"column":4},"end":{"line":45,"column":5}},"23":{"start":{"line":42,"column":8},"end":{"line":42,"column":22}},"24":{"start":{"line":43,"column":8},"end":{"line":43,"column":29}},"25":{"start":{"line":44,"column":8},"end":{"line":44,"column":22}},"26":{"start":{"line":46,"column":4},"end":{"line":46,"column":63}},"27":{"start":{"line":49,"column":28},"end":{"line":80,"column":3}},"28":{"start":{"line":50,"column":4},"end":{"line":79,"column":5}},"29":{"start":{"line":51,"column":6},"end":{"line":51,"column":55}},"30":{"start":{"line":52,"column":6},"end":{"line":52,"column":28}},"31":{"start":{"line":53,"column":6},"end":{"line":53,"column":33}},"32":{"start":{"line":55,"column":6},"end":{"line":74,"column":7}},"33":{"start":{"line":56,"column":33},"end":{"line":56,"column":129}},"34":{"start":{"line":57,"column":8},"end":{"line":58,"column":64}},"35":{"start":{"line":58,"column":27},"end":{"line":58,"column":63}},"36":{"start":{"line":59,"column":8},"end":{"line":59,"column":30}},"37":{"start":{"line":60,"column":8},"end":{"line":60,"column":22}},"38":{"start":{"line":61,"column":8},"end":{"line":61,"column":29}},"39":{"start":{"line":62,"column":8},"end":{"line":62,"column":22}},"40":{"start":{"line":65,"column":33},"end":{"line":65,"column":168}},"41":{"start":{"line":66,"column":8},"end":{"line":69,"column":11}},"42":{"start":{"line":68,"column":12},"end":{"line":68,"column":55}},"43":{"start":{"line":70,"column":8},"end":{"line":70,"column":30}},"44":{"start":{"line":71,"column":8},"end":{"line":71,"column":22}},"45":{"start":{"line":72,"column":8},"end":{"line":72,"column":29}},"46":{"start":{"line":73,"column":8},"end":{"line":73,"column":22}},"47":{"start":{"line":75,"column":6},"end":{"line":77,"column":13}},"48":{"start":{"line":76,"column":8},"end":{"line":76,"column":27}},"49":{"start":{"line":78,"column":6},"end":{"line":78,"column":26}},"50":{"start":{"line":82,"column":2},"end":{"line":110,"column":3}},"51":{"start":{"line":83,"column":4},"end":{"line":106,"column":5}},"52":{"start":{"line":84,"column":62},"end":{"line":84,"column":81}},"53":{"start":{"line":85,"column":58},"end":{"line":85,"column":77}},"54":{"start":{"line":89,"column":33},"end":{"line":89,"column":129}},"55":{"start":{"line":92,"column":109},"end":{"line":92,"column":141}},"56":{"start":{"line":92,"column":188},"end":{"line":92,"column":205}},"57":{"start":{"line":96,"column":109},"end":{"line":96,"column":141}},"58":{"start":{"line":100,"column":111},"end":{"line":100,"column":130}},"59":{"start":{"line":100,"column":149},"end":{"line":100,"column":222}},"60":{"start":{"line":109,"column":4},"end":{"line":109,"column":18}}},"fnMap":{"0":{"name":"ProductModal","decl":{"start":{"line":7,"column":24},"end":{"line":7,"column":36}},"loc":{"start":{"line":7,"column":139},"end":{"line":111,"column":1}},"line":7},"1":{"name":"(anonymous_1)","decl":{"start":{"line":14,"column":12},"end":{"line":14,"column":13}},"loc":{"start":{"line":14,"column":18},"end":{"line":20,"column":3}},"line":14},"2":{"name":"(anonymous_2)","decl":{"start":{"line":22,"column":27},"end":{"line":22,"column":28}},"loc":{"start":{"line":22,"column":46},"end":{"line":24,"column":3}},"line":22},"3":{"name":"(anonymous_3)","decl":{"start":{"line":26,"column":27},"end":{"line":26,"column":28}},"loc":{"start":{"line":26,"column":46},"end":{"line":28,"column":3}},"line":26},"4":{"name":"(anonymous_4)","decl":{"start":{"line":30,"column":28},"end":{"line":30,"column":29}},"loc":{"start":{"line":30,"column":47},"end":{"line":32,"column":3}},"line":30},"5":{"name":"(anonymous_5)","decl":{"start":{"line":34,"column":27},"end":{"line":34,"column":28}},"loc":{"start":{"line":34,"column":43},"end":{"line":36,"column":3}},"line":34},"6":{"name":"(anonymous_6)","decl":{"start":{"line":38,"column":28},"end":{"line":38,"column":29}},"loc":{"start":{"line":38,"column":34},"end":{"line":47,"column":3}},"line":38},"7":{"name":"(anonymous_7)","decl":{"start":{"line":49,"column":28},"end":{"line":49,"column":29}},"loc":{"start":{"line":49,"column":164},"end":{"line":80,"column":3}},"line":49},"8":{"name":"(anonymous_8)","decl":{"start":{"line":58,"column":16},"end":{"line":58,"column":17}},"loc":{"start":{"line":58,"column":27},"end":{"line":58,"column":63}},"line":58},"9":{"name":"(anonymous_9)","decl":{"start":{"line":67,"column":16},"end":{"line":67,"column":17}},"loc":{"start":{"line":68,"column":12},"end":{"line":68,"column":55}},"line":68},"10":{"name":"(anonymous_10)","decl":{"start":{"line":75,"column":17},"end":{"line":75,"column":18}},"loc":{"start":{"line":75,"column":23},"end":{"line":77,"column":7}},"line":75},"11":{"name":"(anonymous_11)","decl":{"start":{"line":84,"column":56},"end":{"line":84,"column":57}},"loc":{"start":{"line":84,"column":62},"end":{"line":84,"column":81}},"line":84},"12":{"name":"(anonymous_12)","decl":{"start":{"line":85,"column":51},"end":{"line":85,"column":52}},"loc":{"start":{"line":85,"column":58},"end":{"line":85,"column":77}},"line":85},"13":{"name":"(anonymous_13)","decl":{"start":{"line":89,"column":26},"end":{"line":89,"column":27}},"loc":{"start":{"line":89,"column":33},"end":{"line":89,"column":129}},"line":89},"14":{"name":"(anonymous_14)","decl":{"start":{"line":92,"column":102},"end":{"line":92,"column":103}},"loc":{"start":{"line":92,"column":109},"end":{"line":92,"column":141}},"line":92},"15":{"name":"(anonymous_15)","decl":{"start":{"line":92,"column":181},"end":{"line":92,"column":182}},"loc":{"start":{"line":92,"column":188},"end":{"line":92,"column":205}},"line":92},"16":{"name":"(anonymous_16)","decl":{"start":{"line":96,"column":102},"end":{"line":96,"column":103}},"loc":{"start":{"line":96,"column":109},"end":{"line":96,"column":141}},"line":96},"17":{"name":"(anonymous_17)","decl":{"start":{"line":100,"column":104},"end":{"line":100,"column":105}},"loc":{"start":{"line":100,"column":111},"end":{"line":100,"column":130}},"line":100},"18":{"name":"(anonymous_18)","decl":{"start":{"line":100,"column":142},"end":{"line":100,"column":143}},"loc":{"start":{"line":100,"column":149},"end":{"line":100,"column":222}},"line":100}},"branchMap":{"0":{"loc":{"start":{"line":12,"column":14},"end":{"line":12,"column":73}},"type":"cond-expr","locations":[{"start":{"line":12,"column":30},"end":{"line":12,"column":47}},{"start":{"line":12,"column":50},"end":{"line":12,"column":73}}],"line":12},"1":{"loc":{"start":{"line":15,"column":4},"end":{"line":19,"column":5}},"type":"if","locations":[{"start":{"line":15,"column":4},"end":{"line":19,"column":5}},{"start":{},"end":{}}],"line":15},"2":{"loc":{"start":{"line":40,"column":4},"end":{"line":40,"column":56}},"type":"if","locations":[{"start":{"line":40,"column":4},"end":{"line":40,"column":56}},{"start":{},"end":{}}],"line":40},"3":{"loc":{"start":{"line":41,"column":4},"end":{"line":45,"column":5}},"type":"if","locations":[{"start":{"line":41,"column":4},"end":{"line":45,"column":5}},{"start":{},"end":{}}],"line":41},"4":{"loc":{"start":{"line":50,"column":4},"end":{"line":79,"column":5}},"type":"if","locations":[{"start":{"line":50,"column":4},"end":{"line":79,"column":5}},{"start":{"line":54,"column":11},"end":{"line":79,"column":5}}],"line":50},"5":{"loc":{"start":{"line":50,"column":8},"end":{"line":50,"column":62}},"type":"binary-expr","locations":[{"start":{"line":50,"column":8},"end":{"line":50,"column":25}},{"start":{"line":50,"column":29},"end":{"line":50,"column":46}},{"start":{"line":50,"column":50},"end":{"line":50,"column":62}}],"line":50},"6":{"loc":{"start":{"line":55,"column":6},"end":{"line":74,"column":7}},"type":"if","locations":[{"start":{"line":55,"column":6},"end":{"line":74,"column":7}},{"start":{"line":64,"column":11},"end":{"line":74,"column":7}}],"line":55},"7":{"loc":{"start":{"line":82,"column":2},"end":{"line":110,"column":3}},"type":"if","locations":[{"start":{"line":82,"column":2},"end":{"line":110,"column":3}},{"start":{"line":108,"column":7},"end":{"line":110,"column":3}}],"line":82},"8":{"loc":{"start":{"line":100,"column":167},"end":{"line":100,"column":221}},"type":"cond-expr","locations":[{"start":{"line":100,"column":191},"end":{"line":100,"column":217}},{"start":{"line":100,"column":220},"end":{"line":100,"column":221}}],"line":100}},"s":{"0":37,"1":37,"2":37,"3":37,"4":37,"5":37,"6":25,"7":4,"8":4,"9":4,"10":37,"11":6,"12":37,"13":6,"14":37,"15":6,"16":37,"17":1,"18":37,"19":1,"20":1,"21":1,"22":1,"23":1,"24":1,"25":1,"26":1,"27":37,"28":4,"29":2,"30":2,"31":2,"32":2,"33":1,"34":1,"35":0,"36":1,"37":1,"38":1,"39":1,"40":1,"41":1,"42":0,"43":1,"44":1,"45":1,"46":1,"47":2,"48":0,"49":2,"50":37,"51":19,"52":1,"53":4,"54":4,"55":2,"56":8,"57":2,"58":1,"59":2,"60":18},"f":{"0":37,"1":25,"2":6,"3":6,"4":6,"5":1,"6":1,"7":4,"8":0,"9":0,"10":0,"11":1,"12":4,"13":4,"14":2,"15":8,"16":2,"17":1,"18":2},"b":{"0":[12,25],"1":[4,21],"2":[1,0],"3":[1,0],"4":[2,2],"5":[4,2,2],"6":[1,1],"7":[19,18],"8":[2,0]},"_coverageSchema":"1a1c01bbd47fc00a2c39e90264f33305004495a9","hash":"d55df68411d0f8de456bd019dc10c0e65bfa1182"}
,"/Users/martin.jonsson/Python/DjangoReact/frontend/src/features/products/Products.tsx": {"path":"/Users/martin.jonsson/Python/DjangoReact/frontend/src/features/products/Products.tsx","statementMap":{"0":{"start":{"line":9,"column":19},"end":{"line":9,"column":67}},"1":{"start":{"line":9,"column":43},"end":{"line":9,"column":66}},"2":{"start":{"line":10,"column":17},"end":{"line":10,"column":63}},"3":{"start":{"line":10,"column":41},"end":{"line":10,"column":62}},"4":{"start":{"line":11,"column":19},"end":{"line":11,"column":35}},"5":{"start":{"line":12,"column":35},"end":{"line":12,"column":50}},"6":{"start":{"line":13,"column":41},"end":{"line":13,"column":51}},"7":{"start":{"line":15,"column":2},"end":{"line":18,"column":8}},"8":{"start":{"line":16,"column":4},"end":{"line":16,"column":26}},"9":{"start":{"line":20,"column":2},"end":{"line":37,"column":3}},"10":{"start":{"line":21,"column":4},"end":{"line":23,"column":5}},"11":{"start":{"line":25,"column":4},"end":{"line":36,"column":5}},"12":{"start":{"line":30,"column":12},"end":{"line":32,"column":13}}},"fnMap":{"0":{"name":"Products","decl":{"start":{"line":8,"column":9},"end":{"line":8,"column":17}},"loc":{"start":{"line":8,"column":58},"end":{"line":38,"column":1}},"line":8},"1":{"name":"(anonymous_1)","decl":{"start":{"line":9,"column":34},"end":{"line":9,"column":35}},"loc":{"start":{"line":9,"column":43},"end":{"line":9,"column":66}},"line":9},"2":{"name":"(anonymous_2)","decl":{"start":{"line":10,"column":32},"end":{"line":10,"column":33}},"loc":{"start":{"line":10,"column":41},"end":{"line":10,"column":62}},"line":10},"3":{"name":"(anonymous_3)","decl":{"start":{"line":15,"column":12},"end":{"line":15,"column":13}},"loc":{"start":{"line":15,"column":18},"end":{"line":18,"column":3}},"line":15},"4":{"name":"(anonymous_4)","decl":{"start":{"line":29,"column":24},"end":{"line":29,"column":25}},"loc":{"start":{"line":29,"column":44},"end":{"line":33,"column":11}},"line":29}},"branchMap":{"0":{"loc":{"start":{"line":20,"column":2},"end":{"line":37,"column":3}},"type":"if","locations":[{"start":{"line":20,"column":2},"end":{"line":37,"column":3}},{"start":{"line":24,"column":9},"end":{"line":37,"column":3}}],"line":20}},"s":{"0":10,"1":16,"2":10,"3":16,"4":10,"5":10,"6":10,"7":10,"8":4,"9":10,"10":4,"11":6,"12":9},"f":{"0":10,"1":16,"2":16,"3":4,"4":9},"b":{"0":[4,6]},"_coverageSchema":"1a1c01bbd47fc00a2c39e90264f33305004495a9","hash":"f79469a282fa8a5bd1998bf43ffc1980295c7069"}
,"/Users/martin.jonsson/Python/DjangoReact/frontend/src/features/products/productsAPI.ts": {"path":"/Users/martin.jonsson/Python/DjangoReact/frontend/src/features/products/productsAPI.ts","statementMap":{"0":{"start":{"line":5,"column":17},"end":{"line":6,"column":49}},"1":{"start":{"line":6,"column":26},"end":{"line":6,"column":46}},"2":{"start":{"line":7,"column":2},"end":{"line":7,"column":16}},"3":{"start":{"line":11,"column":17},"end":{"line":19,"column":35}},"4":{"start":{"line":18,"column":26},"end":{"line":18,"column":46}},"5":{"start":{"line":19,"column":22},"end":{"line":19,"column":32}},"6":{"start":{"line":20,"column":2},"end":{"line":20,"column":32}},"7":{"start":{"line":24,"column":17},"end":{"line":33,"column":35}},"8":{"start":{"line":32,"column":26},"end":{"line":32,"column":46}},"9":{"start":{"line":33,"column":22},"end":{"line":33,"column":32}},"10":{"start":{"line":34,"column":2},"end":{"line":34,"column":32}},"11":{"start":{"line":38,"column":2},"end":{"line":42,"column":35}},"12":{"start":{"line":41,"column":26},"end":{"line":41,"column":46}},"13":{"start":{"line":42,"column":22},"end":{"line":42,"column":32}}},"fnMap":{"0":{"name":"fetchProducts","decl":{"start":{"line":4,"column":22},"end":{"line":4,"column":35}},"loc":{"start":{"line":4,"column":38},"end":{"line":8,"column":1}},"line":4},"1":{"name":"(anonymous_1)","decl":{"start":{"line":6,"column":10},"end":{"line":6,"column":11}},"loc":{"start":{"line":6,"column":24},"end":{"line":6,"column":48}},"line":6},"2":{"name":"postNewProduct","decl":{"start":{"line":10,"column":22},"end":{"line":10,"column":36}},"loc":{"start":{"line":10,"column":55},"end":{"line":21,"column":1}},"line":10},"3":{"name":"(anonymous_3)","decl":{"start":{"line":18,"column":10},"end":{"line":18,"column":11}},"loc":{"start":{"line":18,"column":24},"end":{"line":18,"column":48}},"line":18},"4":{"name":"(anonymous_4)","decl":{"start":{"line":19,"column":11},"end":{"line":19,"column":12}},"loc":{"start":{"line":19,"column":20},"end":{"line":19,"column":34}},"line":19},"5":{"name":"updateProduct","decl":{"start":{"line":23,"column":22},"end":{"line":23,"column":35}},"loc":{"start":{"line":23,"column":54},"end":{"line":35,"column":1}},"line":23},"6":{"name":"(anonymous_6)","decl":{"start":{"line":32,"column":10},"end":{"line":32,"column":11}},"loc":{"start":{"line":32,"column":24},"end":{"line":32,"column":48}},"line":32},"7":{"name":"(anonymous_7)","decl":{"start":{"line":33,"column":11},"end":{"line":33,"column":12}},"loc":{"start":{"line":33,"column":20},"end":{"line":33,"column":34}},"line":33},"8":{"name":"deleteProduct","decl":{"start":{"line":37,"column":22},"end":{"line":37,"column":35}},"loc":{"start":{"line":37,"column":48},"end":{"line":43,"column":1}},"line":37},"9":{"name":"(anonymous_9)","decl":{"start":{"line":41,"column":10},"end":{"line":41,"column":11}},"loc":{"start":{"line":41,"column":24},"end":{"line":41,"column":48}},"line":41},"10":{"name":"(anonymous_10)","decl":{"start":{"line":42,"column":11},"end":{"line":42,"column":12}},"loc":{"start":{"line":42,"column":20},"end":{"line":42,"column":34}},"line":42}},"branchMap":{},"s":{"0":6,"1":3,"2":3,"3":4,"4":2,"5":1,"6":3,"7":4,"8":2,"9":1,"10":3,"11":4,"12":3,"13":1},"f":{"0":6,"1":3,"2":4,"3":2,"4":1,"5":4,"6":2,"7":1,"8":4,"9":3,"10":1},"b":{},"_coverageSchema":"1a1c01bbd47fc00a2c39e90264f33305004495a9","hash":"2a77f3f62148b77a0717c03fa1e4e820ebba1b7d"}
,"/Users/martin.jonsson/Python/DjangoReact/frontend/src/features/products/productsSlice.ts": {"path":"/Users/martin.jonsson/Python/DjangoReact/frontend/src/features/products/productsSlice.ts","statementMap":{"0":{"start":{"line":22,"column":35},"end":{"line":25,"column":1}},"1":{"start":{"line":28,"column":2},"end":{"line":34,"column":3}},"2":{"start":{"line":31,"column":23},"end":{"line":31,"column":44}},"3":{"start":{"line":32,"column":6},"end":{"line":32,"column":22}},"4":{"start":{"line":36,"column":22},"end":{"line":39,"column":1}},"5":{"start":{"line":37,"column":17},"end":{"line":37,"column":78}},"6":{"start":{"line":37,"column":38},"end":{"line":37,"column":77}},"7":{"start":{"line":38,"column":2},"end":{"line":38,"column":16}},"8":{"start":{"line":41,"column":35},"end":{"line":44,"column":1}},"9":{"start":{"line":42,"column":2},"end":{"line":42,"column":24}},"10":{"start":{"line":43,"column":2},"end":{"line":43,"column":19}},"11":{"start":{"line":46,"column":35},"end":{"line":50,"column":1}},"12":{"start":{"line":47,"column":2},"end":{"line":47,"column":19}},"13":{"start":{"line":48,"column":2},"end":{"line":48,"column":35}},"14":{"start":{"line":49,"column":2},"end":{"line":49,"column":25}},"15":{"start":{"line":52,"column":29},"end":{"line":80,"column":2}},"16":{"start":{"line":57,"column":6},"end":{"line":57,"column":86}},"17":{"start":{"line":57,"column":56},"end":{"line":57,"column":85}},"18":{"start":{"line":60,"column":6},"end":{"line":60,"column":175}},"19":{"start":{"line":60,"column":74},"end":{"line":60,"column":174}},"20":{"start":{"line":63,"column":6},"end":{"line":63,"column":73}},"21":{"start":{"line":67,"column":4},"end":{"line":78,"column":8}},"22":{"start":{"line":69,"column":8},"end":{"line":69,"column":44}},"23":{"start":{"line":73,"column":10},"end":{"line":73,"column":43}},"24":{"start":{"line":74,"column":10},"end":{"line":74,"column":163}},"25":{"start":{"line":74,"column":62},"end":{"line":74,"column":162}},"26":{"start":{"line":77,"column":8},"end":{"line":77,"column":43}},"27":{"start":{"line":82,"column":78},"end":{"line":82,"column":99}}},"fnMap":{"0":{"name":"(anonymous_0)","decl":{"start":{"line":30,"column":4},"end":{"line":30,"column":5}},"loc":{"start":{"line":30,"column":16},"end":{"line":33,"column":5}},"line":30},"1":{"name":"(anonymous_1)","decl":{"start":{"line":36,"column":22},"end":{"line":36,"column":23}},"loc":{"start":{"line":36,"column":65},"end":{"line":39,"column":1}},"line":36},"2":{"name":"(anonymous_2)","decl":{"start":{"line":37,"column":30},"end":{"line":37,"column":31}},"loc":{"start":{"line":37,"column":38},"end":{"line":37,"column":77}},"line":37},"3":{"name":"(anonymous_3)","decl":{"start":{"line":41,"column":35},"end":{"line":41,"column":36}},"loc":{"start":{"line":41,"column":105},"end":{"line":44,"column":1}},"line":41},"4":{"name":"(anonymous_4)","decl":{"start":{"line":46,"column":35},"end":{"line":46,"column":36}},"loc":{"start":{"line":46,"column":95},"end":{"line":50,"column":1}},"line":46},"5":{"name":"(anonymous_5)","decl":{"start":{"line":56,"column":25},"end":{"line":56,"column":26}},"loc":{"start":{"line":56,"column":44},"end":{"line":58,"column":5}},"line":56},"6":{"name":"(anonymous_6)","decl":{"start":{"line":57,"column":45},"end":{"line":57,"column":46}},"loc":{"start":{"line":57,"column":56},"end":{"line":57,"column":85}},"line":57},"7":{"name":"(anonymous_7)","decl":{"start":{"line":59,"column":22},"end":{"line":59,"column":23}},"loc":{"start":{"line":59,"column":41},"end":{"line":61,"column":5}},"line":59},"8":{"name":"(anonymous_8)","decl":{"start":{"line":60,"column":64},"end":{"line":60,"column":65}},"loc":{"start":{"line":60,"column":74},"end":{"line":60,"column":174}},"line":60},"9":{"name":"(anonymous_9)","decl":{"start":{"line":62,"column":25},"end":{"line":62,"column":26}},"loc":{"start":{"line":62,"column":44},"end":{"line":64,"column":5}},"line":62},"10":{"name":"(anonymous_10)","decl":{"start":{"line":66,"column":17},"end":{"line":66,"column":18}},"loc":{"start":{"line":66,"column":30},"end":{"line":79,"column":3}},"line":66},"11":{"name":"(anonymous_11)","decl":{"start":{"line":68,"column":35},"end":{"line":68,"column":36}},"loc":{"start":{"line":68,"column":46},"end":{"line":70,"column":7}},"line":68},"12":{"name":"(anonymous_12)","decl":{"start":{"line":72,"column":8},"end":{"line":72,"column":9}},"loc":{"start":{"line":72,"column":41},"end":{"line":75,"column":9}},"line":72},"13":{"name":"(anonymous_13)","decl":{"start":{"line":74,"column":52},"end":{"line":74,"column":53}},"loc":{"start":{"line":74,"column":62},"end":{"line":74,"column":162}},"line":74},"14":{"name":"(anonymous_14)","decl":{"start":{"line":76,"column":36},"end":{"line":76,"column":37}},"loc":{"start":{"line":76,"column":47},"end":{"line":78,"column":7}},"line":76}},"branchMap":{"0":{"loc":{"start":{"line":37,"column":38},"end":{"line":37,"column":77}},"type":"cond-expr","locations":[{"start":{"line":37,"column":63},"end":{"line":37,"column":70}},{"start":{"line":37,"column":73},"end":{"line":37,"column":77}}],"line":37},"1":{"loc":{"start":{"line":60,"column":74},"end":{"line":60,"column":174}},"type":"cond-expr","locations":[{"start":{"line":60,"column":110},"end":{"line":60,"column":150}},{"start":{"line":60,"column":153},"end":{"line":60,"column":174}}],"line":60},"2":{"loc":{"start":{"line":60,"column":110},"end":{"line":60,"column":150}},"type":"cond-expr","locations":[{"start":{"line":60,"column":144},"end":{"line":60,"column":145}},{"start":{"line":60,"column":148},"end":{"line":60,"column":150}}],"line":60},"3":{"loc":{"start":{"line":60,"column":153},"end":{"line":60,"column":174}},"type":"cond-expr","locations":[{"start":{"line":60,"column":167},"end":{"line":60,"column":168}},{"start":{"line":60,"column":171},"end":{"line":60,"column":174}}],"line":60},"4":{"loc":{"start":{"line":74,"column":62},"end":{"line":74,"column":162}},"type":"cond-expr","locations":[{"start":{"line":74,"column":98},"end":{"line":74,"column":138}},{"start":{"line":74,"column":141},"end":{"line":74,"column":162}}],"line":74},"5":{"loc":{"start":{"line":74,"column":98},"end":{"line":74,"column":138}},"type":"cond-expr","locations":[{"start":{"line":74,"column":132},"end":{"line":74,"column":133}},{"start":{"line":74,"column":136},"end":{"line":74,"column":138}}],"line":74},"6":{"loc":{"start":{"line":74,"column":141},"end":{"line":74,"column":162}},"type":"cond-expr","locations":[{"start":{"line":74,"column":155},"end":{"line":74,"column":156}},{"start":{"line":74,"column":159},"end":{"line":74,"column":162}}],"line":74}},"s":{"0":10,"1":10,"2":4,"3":1,"4":10,"5":1,"6":1,"7":1,"8":10,"9":1,"10":1,"11":10,"12":1,"13":1,"14":1,"15":10,"16":2,"17":1,"18":3,"19":9,"20":1,"21":8,"22":4,"23":1,"24":1,"25":8,"26":1,"27":10},"f":{"0":4,"1":1,"2":1,"3":1,"4":1,"5":2,"6":1,"7":3,"8":9,"9":1,"10":8,"11":4,"12":1,"13":8,"14":1},"b":{"0":[1,0],"1":[6,3],"2":[2,4],"3":[2,1],"4":[5,3],"5":[5,0],"6":[3,0]},"_coverageSchema":"1a1c01bbd47fc00a2c39e90264f33305004495a9","hash":"cf6f6ce4754e6c6b29d95fc10cd8ec8dbaa5d163"}
,"/Users/martin.jonsson/Python/DjangoReact/frontend/src/features/titlebar/Titlebar.tsx": {"path":"/Users/martin.jonsson/Python/DjangoReact/frontend/src/features/titlebar/Titlebar.tsx","statementMap":{"0":{"start":{"line":6,"column":35},"end":{"line":6,"column":50}},"1":{"start":{"line":8,"column":25},"end":{"line":10,"column":3}},"2":{"start":{"line":9,"column":4},"end":{"line":9,"column":15}},"3":{"start":{"line":12,"column":21},"end":{"line":14,"column":3}},"4":{"start":{"line":13,"column":4},"end":{"line":13,"column":64}},"5":{"start":{"line":16,"column":2},"end":{"line":31,"column":3}},"6":{"start":{"line":24,"column":33},"end":{"line":24,"column":80}},"7":{"start":{"line":25,"column":33},"end":{"line":25,"column":45}},"8":{"start":{"line":26,"column":33},"end":{"line":26,"column":45}},"9":{"start":{"line":27,"column":57},"end":{"line":27,"column":73}}},"fnMap":{"0":{"name":"Titlebar","decl":{"start":{"line":5,"column":9},"end":{"line":5,"column":17}},"loc":{"start":{"line":5,"column":56},"end":{"line":32,"column":1}},"line":5},"1":{"name":"(anonymous_1)","decl":{"start":{"line":8,"column":25},"end":{"line":8,"column":26}},"loc":{"start":{"line":8,"column":31},"end":{"line":10,"column":3}},"line":8},"2":{"name":"(anonymous_2)","decl":{"start":{"line":12,"column":21},"end":{"line":12,"column":22}},"loc":{"start":{"line":12,"column":27},"end":{"line":14,"column":3}},"line":12},"3":{"name":"(anonymous_3)","decl":{"start":{"line":24,"column":27},"end":{"line":24,"column":28}},"loc":{"start":{"line":24,"column":33},"end":{"line":24,"column":80}},"line":24},"4":{"name":"(anonymous_4)","decl":{"start":{"line":25,"column":27},"end":{"line":25,"column":28}},"loc":{"start":{"line":25,"column":33},"end":{"line":25,"column":45}},"line":25},"5":{"name":"(anonymous_5)","decl":{"start":{"line":26,"column":27},"end":{"line":26,"column":28}},"loc":{"start":{"line":26,"column":33},"end":{"line":26,"column":45}},"line":26},"6":{"name":"(anonymous_6)","decl":{"start":{"line":27,"column":51},"end":{"line":27,"column":52}},"loc":{"start":{"line":27,"column":57},"end":{"line":27,"column":73}},"line":27}},"branchMap":{},"s":{"0":10,"1":10,"2":1,"3":10,"4":2,"5":10,"6":1,"7":1,"8":1,"9":1},"f":{"0":10,"1":1,"2":2,"3":1,"4":1,"5":1,"6":1},"b":{},"_coverageSchema":"1a1c01bbd47fc00a2c39e90264f33305004495a9","hash":"2420c2c72a7038c186ac82dd356dbb0668edda00"}
}
