TN:
SF:src/App.tsx
FN:5,(anonymous_0)
FN:7,(anonymous_1)
FN:18,App
FNF:3
FNH:2
FNDA:2,(anonymous_0)
FNDA:0,(anonymous_1)
FNDA:1,App
DA:5,1
DA:6,2
DA:7,1
DA:8,0
DA:10,1
DA:13,1
DA:14,1
DA:19,1
LF:8
LH:7
BRDA:6,0,0,1
BRDA:6,0,1,1
BRF:2
BRH:2
end_of_record
TN:
SF:src/react-app-env.d.ts
FNF:0
FNH:0
LF:0
LH:0
BRF:0
BRH:0
end_of_record
TN:
SF:src/app/hooks.ts
FNF:0
FNH:0
DA:5,7
DA:6,7
LF:2
LH:2
BRF:0
BRH:0
end_of_record
TN:
SF:src/app/store.ts
FNF:0
FNH:0
DA:4,5
LF:1
LH:1
BRF:0
BRH:0
end_of_record
TN:
SF:src/features/products/ProductBadge.tsx
FN:7,(anonymous_0)
FN:12,(anonymous_1)
FN:13,(anonymous_2)
FNF:3
FNH:3
FNDA:3,(anonymous_0)
FNDA:1,(anonymous_1)
FNDA:1,(anonymous_2)
DA:7,3
DA:8,3
DA:9,3
DA:11,3
DA:12,1
DA:13,1
LF:6
LH:6
BRF:0
BRH:0
end_of_record
TN:
SF:src/features/products/ProductModal.tsx
FN:7,ProductModal
FN:14,(anonymous_1)
FN:22,(anonymous_2)
FN:26,(anonymous_3)
FN:30,(anonymous_4)
FN:34,(anonymous_5)
FN:38,(anonymous_6)
FN:42,(anonymous_7)
FN:50,(anonymous_8)
FN:59,(anonymous_9)
FN:68,(anonymous_10)
FN:76,(anonymous_11)
FN:85,(anonymous_12)
FN:86,(anonymous_13)
FN:90,(anonymous_14)
FN:93,(anonymous_15)
FN:93,(anonymous_16)
FN:97,(anonymous_17)
FN:101,(anonymous_18)
FN:101,(anonymous_19)
FNF:20
FNH:9
FNDA:20,ProductModal
FNDA:17,(anonymous_1)
FNDA:2,(anonymous_2)
FNDA:2,(anonymous_3)
FNDA:2,(anonymous_4)
FNDA:0,(anonymous_5)
FNDA:0,(anonymous_6)
FNDA:0,(anonymous_7)
FNDA:1,(anonymous_8)
FNDA:0,(anonymous_9)
FNDA:0,(anonymous_10)
FNDA:0,(anonymous_11)
FNDA:0,(anonymous_12)
FNDA:2,(anonymous_13)
FNDA:1,(anonymous_14)
FNDA:0,(anonymous_15)
FNDA:3,(anonymous_16)
FNDA:0,(anonymous_17)
FNDA:0,(anonymous_18)
FNDA:0,(anonymous_19)
DA:8,20
DA:9,20
DA:10,20
DA:11,20
DA:12,20
DA:14,20
DA:15,17
DA:16,2
DA:17,2
DA:18,2
DA:22,20
DA:23,2
DA:26,20
DA:27,2
DA:30,20
DA:31,2
DA:34,20
DA:35,0
DA:38,20
DA:39,0
DA:40,0
DA:41,0
DA:42,0
DA:43,0
DA:44,0
DA:45,0
DA:47,0
DA:50,20
DA:51,1
DA:52,0
DA:53,0
DA:54,0
DA:56,1
DA:57,1
DA:58,1
DA:59,0
DA:60,1
DA:61,1
DA:62,1
DA:63,1
DA:66,0
DA:67,0
DA:69,0
DA:71,0
DA:72,0
DA:73,0
DA:74,0
DA:76,1
DA:77,0
DA:79,1
DA:83,20
DA:84,5
DA:85,0
DA:86,2
DA:90,1
DA:93,3
DA:97,0
DA:101,0
DA:110,15
LF:59
LH:35
BRDA:12,0,0,5
BRDA:12,0,1,15
BRDA:15,1,0,2
BRDA:15,1,1,15
BRDA:40,2,0,0
BRDA:40,2,1,0
BRDA:41,3,0,0
BRDA:41,3,1,0
BRDA:51,4,0,0
BRDA:51,4,1,1
BRDA:51,5,0,1
BRDA:51,5,1,1
BRDA:51,5,2,1
BRDA:56,6,0,1
BRDA:56,6,1,0
BRDA:83,7,0,5
BRDA:83,7,1,15
BRDA:101,8,0,0
BRDA:101,8,1,0
BRF:19
BRH:11
end_of_record
TN:
SF:src/features/products/Products.tsx
FN:8,Products
FN:9,(anonymous_1)
FN:10,(anonymous_2)
FN:15,(anonymous_3)
FN:31,(anonymous_4)
FNF:5
FNH:4
FNDA:4,Products
FNDA:6,(anonymous_1)
FNDA:6,(anonymous_2)
FNDA:2,(anonymous_3)
FNDA:0,(anonymous_4)
DA:9,6
DA:10,6
DA:11,4
DA:12,4
DA:13,4
DA:15,4
DA:16,2
DA:17,2
DA:21,4
DA:22,2
DA:27,2
DA:32,0
DA:33,0
LF:13
LH:11
BRDA:16,0,0,2
BRDA:16,0,1,0
BRDA:21,1,0,2
BRDA:21,1,1,2
BRDA:32,2,0,0
BRDA:32,2,1,0
BRF:6
BRH:3
end_of_record
TN:
SF:src/features/products/productsAPI.ts
FN:4,fetchProducts
FN:6,(anonymous_1)
FN:10,postNewProduct
FN:18,(anonymous_3)
FN:19,(anonymous_4)
FN:23,updateProduct
FN:32,(anonymous_6)
FN:33,(anonymous_7)
FN:37,deleteProduct
FN:41,(anonymous_9)
FN:42,(anonymous_10)
FNF:11
FNH:11
FNDA:4,fetchProducts
FNDA:2,(anonymous_1)
FNDA:3,postNewProduct
FNDA:2,(anonymous_3)
FNDA:1,(anonymous_4)
FNDA:4,updateProduct
FNDA:2,(anonymous_6)
FNDA:1,(anonymous_7)
FNDA:4,deleteProduct
FNDA:3,(anonymous_9)
FNDA:1,(anonymous_10)
DA:5,4
DA:6,2
DA:7,2
DA:11,3
DA:18,2
DA:19,1
DA:20,3
DA:24,4
DA:32,2
DA:33,1
DA:34,3
DA:38,4
DA:41,3
DA:42,1
LF:14
LH:14
BRF:0
BRH:0
end_of_record
TN:
SF:src/features/products/productsSlice.ts
FN:31,(anonymous_0)
FN:37,(anonymous_1)
FN:38,(anonymous_2)
FN:46,(anonymous_3)
FN:48,(anonymous_4)
FN:53,(anonymous_5)
FN:63,(anonymous_6)
FN:64,(anonymous_7)
FN:66,(anonymous_8)
FN:67,(anonymous_9)
FN:69,(anonymous_10)
FN:73,(anonymous_11)
FN:75,(anonymous_12)
FN:79,(anonymous_13)
FN:81,(anonymous_14)
FN:83,(anonymous_15)
FN:89,(anonymous_16)
FNF:17
FNH:12
FNDA:2,(anonymous_0)
FNDA:1,(anonymous_1)
FNDA:1,(anonymous_2)
FNDA:1,(anonymous_3)
FNDA:0,(anonymous_4)
FNDA:1,(anonymous_5)
FNDA:2,(anonymous_6)
FNDA:1,(anonymous_7)
FNDA:4,(anonymous_8)
FNDA:3,(anonymous_9)
FNDA:1,(anonymous_10)
FNDA:6,(anonymous_11)
FNDA:2,(anonymous_12)
FNDA:0,(anonymous_13)
FNDA:0,(anonymous_14)
FNDA:0,(anonymous_15)
FNDA:0,(anonymous_16)
DA:23,8
DA:29,8
DA:32,2
DA:33,0
DA:37,8
DA:38,1
DA:39,1
DA:40,1
DA:43,1
DA:46,8
DA:47,1
DA:48,1
DA:49,0
DA:53,8
DA:54,1
DA:55,1
DA:56,1
DA:59,8
DA:64,2
DA:67,4
DA:70,1
DA:74,6
DA:76,2
DA:80,0
DA:81,0
DA:84,0
DA:89,8
DA:91,8
LF:28
LH:23
BRDA:39,0,0,1
BRDA:39,0,1,0
BRDA:67,1,0,3
BRDA:67,1,1,0
BRDA:67,2,0,0
BRDA:67,2,1,3
BRDA:67,3,0,0
BRDA:67,3,1,0
BRDA:81,4,0,0
BRDA:81,4,1,0
BRDA:81,5,0,0
BRDA:81,5,1,0
BRDA:81,6,0,0
BRDA:81,6,1,0
BRF:14
BRH:3
end_of_record
TN:
SF:src/features/titlebar/Titlebar.tsx
FN:5,Titlebar
FN:8,(anonymous_1)
FN:12,(anonymous_2)
FN:24,(anonymous_3)
FN:25,(anonymous_4)
FN:26,(anonymous_5)
FN:27,(anonymous_6)
FNF:7
FNH:7
FNDA:10,Titlebar
FNDA:1,(anonymous_1)
FNDA:2,(anonymous_2)
FNDA:1,(anonymous_3)
FNDA:1,(anonymous_4)
FNDA:1,(anonymous_5)
FNDA:1,(anonymous_6)
DA:6,10
DA:8,10
DA:9,1
DA:12,10
DA:13,2
DA:16,10
DA:24,1
DA:25,1
DA:26,1
DA:27,1
LF:10
LH:10
BRF:0
BRH:0
end_of_record
