TN:
SF:src/App.tsx
FN:5,App
FNF:1
FNH:1
FNDA:5,App
DA:6,5
LF:1
LH:1
BRF:0
BRH:0
end_of_record
TN:
SF:src/index.tsx
FNF:0
FNH:0
DA:9,0
DA:10,0
DA:12,0
DA:21,0
LF:4
LH:0
BRF:0
BRH:0
end_of_record
TN:
SF:src/reportWebVitals.ts
FN:3,(anonymous_0)
FN:5,(anonymous_1)
FNF:2
FNH:0
FNDA:0,(anonymous_0)
FNDA:0,(anonymous_1)
DA:3,0
DA:4,0
DA:5,0
DA:6,0
DA:7,0
DA:8,0
DA:9,0
DA:10,0
LF:8
LH:0
BRDA:4,0,0,0
BRDA:4,0,1,0
BRDA:4,1,0,0
BRDA:4,1,1,0
BRF:4
BRH:0
end_of_record
TN:
SF:src/app/hooks.ts
FNF:0
FNH:0
DA:5,2
DA:6,2
LF:2
LH:2
BRF:0
BRH:0
end_of_record
TN:
SF:src/app/store.ts
FNF:0
FNH:0
DA:4,2
LF:1
LH:1
BRF:0
BRH:0
end_of_record
TN:
SF:src/features/products/ProductBadge.tsx
FN:7,(anonymous_0)
FN:11,(anonymous_1)
FN:13,(anonymous_2)
FN:18,(anonymous_3)
FN:25,(anonymous_4)
FN:26,(anonymous_5)
FNF:6
FNH:0
FNDA:0,(anonymous_0)
FNDA:0,(anonymous_1)
FNDA:0,(anonymous_2)
FNDA:0,(anonymous_3)
FNDA:0,(anonymous_4)
FNDA:0,(anonymous_5)
DA:7,1
DA:8,0
DA:9,0
DA:11,0
DA:12,0
DA:13,0
DA:14,0
DA:18,0
DA:19,0
DA:20,0
DA:21,0
DA:24,0
DA:25,0
DA:26,0
LF:14
LH:1
BRF:0
BRH:0
end_of_record
TN:
SF:src/features/products/ProductModal.tsx
FN:7,ProductModal
FN:14,(anonymous_1)
FN:22,(anonymous_2)
FN:26,(anonymous_3)
FN:30,(anonymous_4)
FN:34,(anonymous_5)
FN:38,(anonymous_6)
FN:42,(anonymous_7)
FN:50,(anonymous_8)
FN:58,(anonymous_9)
FN:68,(anonymous_10)
FN:82,(anonymous_11)
FN:83,(anonymous_12)
FN:87,(anonymous_13)
FN:90,(anonymous_14)
FN:90,(anonymous_15)
FN:94,(anonymous_16)
FN:98,(anonymous_17)
FN:98,(anonymous_18)
FNF:19
FNH:5
FNDA:10,ProductModal
FNDA:9,(anonymous_1)
FNDA:1,(anonymous_2)
FNDA:1,(anonymous_3)
FNDA:1,(anonymous_4)
FNDA:0,(anonymous_5)
FNDA:0,(anonymous_6)
FNDA:0,(anonymous_7)
FNDA:0,(anonymous_8)
FNDA:0,(anonymous_9)
FNDA:0,(anonymous_10)
FNDA:0,(anonymous_11)
FNDA:0,(anonymous_12)
FNDA:0,(anonymous_13)
FNDA:0,(anonymous_14)
FNDA:0,(anonymous_15)
FNDA:0,(anonymous_16)
FNDA:0,(anonymous_17)
FNDA:0,(anonymous_18)
DA:8,10
DA:9,10
DA:10,10
DA:11,10
DA:12,10
DA:14,10
DA:15,9
DA:16,1
DA:17,1
DA:18,1
DA:22,10
DA:23,1
DA:26,10
DA:27,1
DA:30,10
DA:31,1
DA:34,10
DA:35,0
DA:38,10
DA:39,0
DA:40,0
DA:41,0
DA:42,0
DA:43,0
DA:44,0
DA:45,0
DA:47,0
DA:50,10
DA:51,0
DA:52,0
DA:53,0
DA:55,0
DA:56,0
DA:57,0
DA:58,0
DA:59,0
DA:60,0
DA:61,0
DA:62,0
DA:63,0
DA:66,0
DA:67,0
DA:69,0
DA:71,0
DA:72,0
DA:73,0
DA:74,0
DA:75,0
DA:80,10
DA:81,0
DA:82,0
DA:83,0
DA:87,0
DA:90,0
DA:94,0
DA:98,0
DA:107,10
LF:57
LH:21
BRDA:12,0,0,2
BRDA:12,0,1,8
BRDA:15,1,0,1
BRDA:15,1,1,8
BRDA:40,2,0,0
BRDA:40,2,1,0
BRDA:41,3,0,0
BRDA:41,3,1,0
BRDA:51,4,0,0
BRDA:51,4,1,0
BRDA:51,5,0,0
BRDA:51,5,1,0
BRDA:51,5,2,0
BRDA:55,6,0,0
BRDA:55,6,1,0
BRDA:80,7,0,0
BRDA:80,7,1,10
BRDA:98,8,0,0
BRDA:98,8,1,0
BRF:19
BRH:5
end_of_record
TN:
SF:src/features/products/Products.tsx
FN:10,Products
FN:11,(anonymous_1)
FN:12,(anonymous_2)
FN:17,(anonymous_3)
FN:23,(anonymous_4)
FN:25,(anonymous_5)
FN:44,(anonymous_6)
FNF:7
FNH:4
FNDA:6,Products
FNDA:7,(anonymous_1)
FNDA:7,(anonymous_2)
FNDA:5,(anonymous_3)
FNDA:0,(anonymous_4)
FNDA:0,(anonymous_5)
FNDA:0,(anonymous_6)
DA:11,7
DA:12,7
DA:13,6
DA:14,6
DA:15,6
DA:17,6
DA:18,5
DA:19,1
DA:23,6
DA:24,0
DA:25,0
DA:26,0
DA:30,0
DA:34,6
DA:35,5
DA:40,1
DA:45,0
DA:46,0
LF:18
LH:12
BRDA:18,0,0,1
BRDA:18,0,1,4
BRDA:24,1,0,0
BRDA:24,1,1,0
BRDA:34,2,0,5
BRDA:34,2,1,1
BRDA:45,3,0,0
BRDA:45,3,1,0
BRF:8
BRH:4
end_of_record
TN:
SF:src/features/products/productsAPI.ts
FN:4,fetchProducts
FN:6,(anonymous_1)
FN:10,postNewProduct
FN:18,(anonymous_3)
FN:19,(anonymous_4)
FN:23,updateProduct
FN:32,(anonymous_6)
FN:33,(anonymous_7)
FN:37,deleteProduct
FN:41,(anonymous_9)
FN:42,(anonymous_10)
FNF:11
FNH:1
FNDA:1,fetchProducts
FNDA:0,(anonymous_1)
FNDA:0,postNewProduct
FNDA:0,(anonymous_3)
FNDA:0,(anonymous_4)
FNDA:0,updateProduct
FNDA:0,(anonymous_6)
FNDA:0,(anonymous_7)
FNDA:0,deleteProduct
FNDA:0,(anonymous_9)
FNDA:0,(anonymous_10)
DA:5,1
DA:6,0
DA:7,0
DA:11,0
DA:18,0
DA:19,0
DA:20,0
DA:24,0
DA:32,0
DA:33,0
DA:34,0
DA:38,0
DA:41,0
DA:42,0
LF:14
LH:1
BRF:0
BRH:0
end_of_record
TN:
SF:src/features/products/productsSlice.ts
FN:31,(anonymous_0)
FN:37,(anonymous_1)
FN:38,(anonymous_2)
FN:50,(anonymous_3)
FN:51,(anonymous_4)
FN:53,(anonymous_5)
FN:54,(anonymous_6)
FN:56,(anonymous_7)
FN:60,(anonymous_8)
FN:62,(anonymous_9)
FN:66,(anonymous_10)
FN:68,(anonymous_11)
FN:70,(anonymous_12)
FN:76,(anonymous_13)
FNF:14
FNH:10
FNDA:1,(anonymous_0)
FNDA:1,(anonymous_1)
FNDA:1,(anonymous_2)
FNDA:1,(anonymous_3)
FNDA:1,(anonymous_4)
FNDA:3,(anonymous_5)
FNDA:2,(anonymous_6)
FNDA:1,(anonymous_7)
FNDA:3,(anonymous_8)
FNDA:1,(anonymous_9)
FNDA:0,(anonymous_10)
FNDA:0,(anonymous_11)
FNDA:0,(anonymous_12)
FNDA:0,(anonymous_13)
DA:23,3
DA:29,3
DA:32,1
DA:33,0
DA:37,3
DA:38,1
DA:39,1
DA:40,1
DA:43,1
DA:46,3
DA:51,1
DA:54,3
DA:57,1
DA:61,3
DA:63,1
DA:67,0
DA:68,0
DA:71,0
DA:76,3
DA:78,3
LF:20
LH:16
BRDA:39,0,0,1
BRDA:39,0,1,0
BRDA:54,1,0,2
BRDA:54,1,1,0
BRDA:54,2,0,0
BRDA:54,2,1,2
BRDA:54,3,0,0
BRDA:54,3,1,0
BRDA:68,4,0,0
BRDA:68,4,1,0
BRDA:68,5,0,0
BRDA:68,5,1,0
BRDA:68,6,0,0
BRDA:68,6,1,0
BRF:14
BRH:3
end_of_record
TN:
SF:src/features/titlebar/Titlebar.tsx
FN:5,Titlebar
FN:8,(anonymous_1)
FN:10,(anonymous_2)
FN:19,(anonymous_3)
FN:23,(anonymous_4)
FN:35,(anonymous_5)
FN:36,(anonymous_6)
FN:37,(anonymous_7)
FN:38,(anonymous_8)
FNF:9
FNH:1
FNDA:5,Titlebar
FNDA:0,(anonymous_1)
FNDA:0,(anonymous_2)
FNDA:0,(anonymous_3)
FNDA:0,(anonymous_4)
FNDA:0,(anonymous_5)
FNDA:0,(anonymous_6)
FNDA:0,(anonymous_7)
FNDA:0,(anonymous_8)
DA:6,5
DA:8,5
DA:9,0
DA:10,0
DA:11,0
DA:15,0
DA:19,5
DA:20,0
DA:23,5
DA:24,0
DA:27,5
DA:35,0
DA:36,0
DA:37,0
DA:38,0
LF:15
LH:5
BRDA:9,0,0,0
BRDA:9,0,1,0
BRF:2
BRH:0
end_of_record
